#
# There is insufficient memory for the Java Runtime Environment to continue.
# Native memory allocation (malloc) failed to allocate 1048576 bytes for AllocateHeap
# Possible reasons:
#   The system is out of physical RAM or swap space
#   The process is running with CompressedOops enabled, and the Java Heap may be blocking the growth of the native heap
# Possible solutions:
#   Reduce memory load on the system
#   Increase physical memory or swap space
#   Check if swap backing store is full
#   Decrease Java heap size (-Xmx/-Xms)
#   Decrease number of Java threads
#   Decrease Java thread stack sizes (-Xss)
#   Set larger code cache with -XX:ReservedCodeCacheSize=
#   JVM is running with Unscaled Compressed Oops mode in which the Java heap is
#     placed in the first 4GB address space. The Java Heap base address is the
#     maximum limit for the native heap growth. Please use -XX:HeapBaseMinAddress
#     to set the Java Heap base and to place the Java Heap above 4GB virtual address.
# This output file may be truncated or incomplete.
#
#  Out of Memory Error (allocation.cpp:44), pid=11620, tid=1116
#
# JRE version:  (21.0.6+8) (build )
# Java VM: Java HotSpot(TM) 64-Bit Server VM (21.0.6+8-LTS-188, mixed mode, sharing, tiered, compressed oops, compressed class ptrs, g1 gc, windows-amd64)
# No core dump will be written. Minidumps are not enabled by default on client versions of Windows
#

---------------  S U M M A R Y ------------

Command Line: -Dnet.bytebuddy.agent.attacher.dump= net.bytebuddy.agent.Attacher com.sun.tools.attach.VirtualMachine 19348 C:\Users\DELL\.m2\repository\net\bytebuddy\byte-buddy-agent\1.17.7\byte-buddy-agent-1.17.7.jar false 

Host: 12th Gen Intel(R) Core(TM) i5-1235U, 12 cores, 7G,  Windows 11 , 64 bit Build 26100 (10.0.26100.5074)
Time: Wed Oct 15 01:24:04 2025 India Standard Time elapsed time: 0.012221 seconds (0d 0h 0m 0s)

---------------  T H R E A D  ---------------

Current thread (0x000002278c41e9b0):  JavaThread "Unknown thread" [_thread_in_vm, id=1116, stack(0x000000bc6fa00000,0x000000bc6fb00000) (1024K)]

Stack: [0x000000bc6fa00000,0x000000bc6fb00000]
Native frames: (J=compiled Java code, j=interpreted, Vv=VM code, C=native code)
V  [jvm.dll+0x6ca6d9]
V  [jvm.dll+0x854f51]
V  [jvm.dll+0x85747e]
V  [jvm.dll+0x857b53]
V  [jvm.dll+0x27dcc6]
V  [jvm.dll+0xbf7d7]
V  [jvm.dll+0x3302a5]
V  [jvm.dll+0x3287f1]
V  [jvm.dll+0x81e309]
V  [jvm.dll+0x3babe1]
V  [jvm.dll+0x807658]
V  [jvm.dll+0x44fdae]
V  [jvm.dll+0x4519a1]
C  [jli.dll+0x52a3]
C  [ucrtbase.dll+0x37b0]
C  [KERNEL32.DLL+0x2e8d7]
C  [ntdll.dll+0x8d9c]


---------------  P R O C E S S  ---------------

Threads class SMR info:
_java_thread_list=0x00007fff7f3ccc08, length=0, elements={
}

Java Threads: ( => current thread )
Total: 0

Other Threads:
  0x000002278e79c580 WorkerThread "GC Thread#0"                     [id=17412, stack(0x000000bc6fb00000,0x000000bc6fc00000) (1024K)]

[error occurred during error reporting (printing all threads), id 0xc0000005, EXCEPTION_ACCESS_VIOLATION (0xc0000005) at pc=0x00007fff7eb34d60]
VM state: not at safepoint (not fully initialized)

VM Mutex/Monitor currently owned by a thread:  ([mutex/lock_event])
[0x00007fff7f43df98] Heap_lock - owner thread: 0x000002278c41e9b0

Heap address: 0x0000000084e00000, size: 1970 MB, Compressed Oops mode: 32-bit

CDS archive(s) mapped at: [0x0000000000000000-0x0000000000000000-0x0000000000000000), size 0, SharedBaseAddress: 0x0000000800000000, ArchiveRelocationMode: 1.
Narrow klass base: 0x0000000000000000, Narrow klass shift: 0, Narrow klass range: 0x0

GC Precious Log:
 CardTable entry size: 512
 Card Set container configuration: InlinePtr #cards 5 size 8 Array Of Cards #cards 12 size 40 Howl #buckets 4 coarsen threshold 1843 Howl Bitmap #cards 512 size 80 coarsen threshold 460 Card regions per heap region 1 cards per card region 2048

Heap:
 garbage-first heap   total 0K, used 0K [0x0000000084e00000, 0x0000000100000000)
  region size 1024K, 0 young (0K), 0 survivors (0K)

[error occurred during error reporting (printing heap information), id 0xc0000005, EXCEPTION_ACCESS_VIOLATION (0xc0000005) at pc=0x00007fff7ef236a9]
GC Heap History (0 events):
No events

Dll operation events (1 events):
Event: 0.007 Loaded shared library C:\Program Files\Java\jdk-21\bin\java.dll

Deoptimization events (0 events):
No events

Classes loaded (0 events):
No events

Classes unloaded (0 events):
No events

Classes redefined (0 events):
No events

Internal exceptions (0 events):
No events

ZGC Phase Switch (0 events):
No events

VM Operations (0 events):
No events

Events (0 events):
No events


Dynamic libraries:
0x00007ff75f1f0000 - 0x00007ff75f200000 	C:\Program Files\Java\jdk-21\bin\java.exe
0x00007ff80ffe0000 - 0x00007ff810249000 	C:\WINDOWS\SYSTEM32\ntdll.dll
0x00007ff80f2b0000 - 0x00007ff80f379000 	C:\WINDOWS\System32\KERNEL32.DLL
0x00007ff80d4d0000 - 0x00007ff80d8c3000 	C:\WINDOWS\System32\KERNELBASE.dll
0x00007ff80d980000 - 0x00007ff80dacb000 	C:\WINDOWS\System32\ucrtbase.dll
0x00007fffe57f0000 - 0x00007fffe5809000 	C:\Program Files\Java\jdk-21\bin\jli.dll
0x00007fffdc980000 - 0x00007fffdc99b000 	C:\Program Files\Java\jdk-21\bin\VCRUNTIME140.dll
0x00007ff80fd40000 - 0x00007ff80fdf4000 	C:\WINDOWS\System32\ADVAPI32.dll
0x00007ff80e250000 - 0x00007ff80e2f9000 	C:\WINDOWS\System32\msvcrt.dll
0x00007ff80fe20000 - 0x00007ff80fec6000 	C:\WINDOWS\System32\sechost.dll
0x00007ff80ea90000 - 0x00007ff80eba8000 	C:\WINDOWS\System32\RPCRT4.dll
0x00007ff80ebc0000 - 0x00007ff80ed84000 	C:\WINDOWS\System32\USER32.dll
0x00007fffef2a0000 - 0x00007fffef533000 	C:\WINDOWS\WinSxS\amd64_microsoft.windows.common-controls_6595b64144ccf1df_6.0.26100.5074_none_3e0d6f78e32fd63f\COMCTL32.dll
0x00007ff80ddb0000 - 0x00007ff80dddb000 	C:\WINDOWS\System32\GDI32.dll
0x00007ff80d200000 - 0x00007ff80d227000 	C:\WINDOWS\System32\win32u.dll
0x00007ff80d230000 - 0x00007ff80d35d000 	C:\WINDOWS\System32\gdi32full.dll
0x00007ff80d8d0000 - 0x00007ff80d973000 	C:\WINDOWS\System32\msvcp_win.dll
0x00007ff800000000 - 0x00007ff80000b000 	C:\WINDOWS\SYSTEM32\VERSION.dll
0x00007ff80e300000 - 0x00007ff80e32f000 	C:\WINDOWS\System32\IMM32.DLL
0x00007ff804f10000 - 0x00007ff804f1c000 	C:\Program Files\Java\jdk-21\bin\vcruntime140_1.dll
0x00007fffae420000 - 0x00007fffae4ae000 	C:\Program Files\Java\jdk-21\bin\msvcp140.dll
0x00007fff7e800000 - 0x00007fff7f51a000 	C:\Program Files\Java\jdk-21\bin\server\jvm.dll
0x00007ff80f560000 - 0x00007ff80f5d4000 	C:\WINDOWS\System32\WS2_32.dll
0x00007ff80cff0000 - 0x00007ff80d04e000 	C:\WINDOWS\SYSTEM32\POWRPROF.dll
0x00007ff80a470000 - 0x00007ff80a4a5000 	C:\WINDOWS\SYSTEM32\WINMM.dll
0x00007ff80cfb0000 - 0x00007ff80cfc4000 	C:\WINDOWS\SYSTEM32\UMPDC.dll
0x00007ff80bf30000 - 0x00007ff80bf4b000 	C:\WINDOWS\SYSTEM32\kernel.appcore.dll
0x00007ff8004d0000 - 0x00007ff8004da000 	C:\Program Files\Java\jdk-21\bin\jimage.dll
0x00007ff80a920000 - 0x00007ff80ab62000 	C:\WINDOWS\SYSTEM32\DBGHELP.DLL
0x00007ff80f9c0000 - 0x00007ff80fd3b000 	C:\WINDOWS\System32\combase.dll
0x00007ff80f380000 - 0x00007ff80f457000 	C:\WINDOWS\System32\OLEAUT32.dll
0x00007ffff1940000 - 0x00007ffff197d000 	C:\WINDOWS\SYSTEM32\dbgcore.DLL
0x00007ff80dc50000 - 0x00007ff80dce9000 	C:\WINDOWS\System32\bcryptPrimitives.dll
0x00007fffdbb40000 - 0x00007fffdbb5f000 	C:\Program Files\Java\jdk-21\bin\java.dll

dbghelp: loaded successfully - version: 4.0.5 - missing functions: none
symbol engine: initialized successfully - sym options: 0x614 - pdb path: .;C:\Program Files\Java\jdk-21\bin;C:\WINDOWS\SYSTEM32;C:\WINDOWS\WinSxS\amd64_microsoft.windows.common-controls_6595b64144ccf1df_6.0.26100.5074_none_3e0d6f78e32fd63f;C:\Program Files\Java\jdk-21\bin\server

VM Arguments:
jvm_args: -Dnet.bytebuddy.agent.attacher.dump= 
java_command: net.bytebuddy.agent.Attacher com.sun.tools.attach.VirtualMachine 19348 C:\Users\DELL\.m2\repository\net\bytebuddy\byte-buddy-agent\1.17.7\byte-buddy-agent-1.17.7.jar false 
java_class_path (initial): C:\Users\DELL\.m2\repository\net\bytebuddy\byte-buddy-agent\1.17.7\byte-buddy-agent-1.17.7.jar
Launcher Type: SUN_STANDARD

[Global flags]
     intx CICompilerCount                          = 4                                         {product} {ergonomic}
     uint ConcGCThreads                            = 3                                         {product} {ergonomic}
     uint G1ConcRefinementThreads                  = 10                                        {product} {ergonomic}
   size_t G1HeapRegionSize                         = 1048576                                   {product} {ergonomic}
    uintx GCDrainStackTargetSize                   = 64                                        {product} {ergonomic}
   size_t InitialHeapSize                          = 130023424                                 {product} {ergonomic}
   size_t MarkStackSize                            = 4194304                                   {product} {ergonomic}
   size_t MaxHeapSize                              = 2065694720                                {product} {ergonomic}
   size_t MinHeapDeltaBytes                        = 1048576                                   {product} {ergonomic}
   size_t MinHeapSize                              = 8388608                                   {product} {ergonomic}
    uintx NonNMethodCodeHeapSize                   = 5839372                                {pd product} {ergonomic}
    uintx NonProfiledCodeHeapSize                  = 122909434                              {pd product} {ergonomic}
    uintx ProfiledCodeHeapSize                     = 122909434                              {pd product} {ergonomic}
    uintx ReservedCodeCacheSize                    = 251658240                              {pd product} {ergonomic}
     bool SegmentedCodeCache                       = true                                      {product} {ergonomic}
   size_t SoftMaxHeapSize                          = 2065694720                             {manageable} {ergonomic}
     bool UseCompressedOops                        = true                           {product lp64_product} {ergonomic}
     bool UseG1GC                                  = true                                      {product} {ergonomic}
     bool UseLargePagesIndividualAllocation        = false                                  {pd product} {ergonomic}

Logging:
Log output configuration:
 #0: stdout all=warning uptime,level,tags foldmultilines=false
 #1: stderr all=off uptime,level,tags foldmultilines=false

Environment Variables:
JAVA_HOME=C:\Program Files\Java\jdk-21
PATH=C:/Users/DELL/OneDrive/Desktop/FSD_SEC2/sts-4.27.0.RELEASE//plugins/org.eclipse.justj.openjdk.hotspot.jre.full.win32.x86_64_21.0.5.v20241023-1957/jre/bin/server;C:/Users/DELL/OneDrive/Desktop/FSD_SEC2/sts-4.27.0.RELEASE//plugins/org.eclipse.justj.openjdk.hotspot.jre.full.win32.x86_64_21.0.5.v20241023-1957/jre/bin;D:\3-1 DEVOPS\Softwares\apache-maven-3.9.11\bin;C:\Program Files\Java\jdk-21\bin;C:\Program Files\Common Files\Oracle\Java\javapath;C:\WINDOWS\system32;C:\WINDOWS;C:\WINDOWS\System32\Wbem;C:\WINDOWS\System32\WindowsPowerShell\v1.0\;C:\WINDOWS\System32\OpenSSH\;C:\Program Files\dotnet\;C:\Program Files\MySQL\MySQL Server 8.0\bin;C:\Users\YourUsername\AppData\Local\Programs\Python\Python310\Scripts;C:\Users\DELL\AppData\Local\Packages\PythonSoftwareFoundation.Python.3.13_qbz5n2kfra8p0\LocalCache\local-packages\Python313\site-packages;C:\Users\DELL\maven\apache-maven-3.9.9-bin\apache-maven-3.9.9\bin;D:\DELL\Downloads\Git\cmd;;C:\Program Files\Docker\Docker\resources\bin;D:\DELL\Downloads\;C:\ProgramData\chocolatey\bin;C:\Program Files\MySQL\MySQL Shell 8.0\bin\;C:\Users\DELL\AppData\Local\Microsoft\WindowsApps;C:\Users\DELL\AppData\Local\Programs\Microsoft VS Code\bin;C:\Users\DELL\AppData\Roaming\npm;D:\k8s;C:\WINDOWS\system32;
USERNAME=DELL
TERM=xterm
OS=Windows_NT
PROCESSOR_IDENTIFIER=Intel64 Family 6 Model 154 Stepping 4, GenuineIntel
TMP=C:\Users\DELL\AppData\Local\Temp
TEMP=C:\Users\DELL\AppData\Local\Temp




Periodic native trim disabled

---------------  S Y S T E M  ---------------

OS:
 Windows 11 , 64 bit Build 26100 (10.0.26100.5074)
OS uptime: 0 days 13:06 hours
Hyper-V role detected

CPU: total 12 (initial active 12) (6 cores per cpu, 2 threads per core) family 6 model 154 stepping 4 microcode 0x437, cx8, cmov, fxsr, ht, mmx, 3dnowpref, sse, sse2, sse3, ssse3, sse4.1, sse4.2, popcnt, lzcnt, tsc, tscinvbit, avx, avx2, aes, erms, clmul, bmi1, bmi2, adx, sha, fma, vzeroupper, clflush, clflushopt, clwb, hv, serialize, rdtscp, rdpid, fsrm, f16c, cet_ibt, cet_ss
Processor Information for all 12 processors :
  Max Mhz: 1300, Current Mhz: 1300, Mhz Limit: 1300

Memory: 4k page, system-wide physical 7876M (617M free)
TotalPageFile size 20518M (AvailPageFile size 5M)
current process WorkingSet (physical memory assigned to process): 12M, peak: 12M
current process commit charge ("private bytes"): 62M, peak: 63M

vm_info: Java HotSpot(TM) 64-Bit Server VM (21.0.6+8-LTS-188) for windows-amd64 JRE (21.0.6+8-LTS-188), built on 2024-12-03T10:50:54Z by "mach5one" with MS VC++ 17.6 (VS2022)

END.
