#
# There is insufficient memory for the Java Runtime Environment to continue.
# Native memory allocation (mmap) failed to map 65536 bytes for Failed to commit metaspace.
# Possible reasons:
#   The system is out of physical RAM or swap space
#   The process is running with CompressedOops enabled, and the Java Heap may be blocking the growth of the native heap
# Possible solutions:
#   Reduce memory load on the system
#   Increase physical memory or swap space
#   Check if swap backing store is full
#   Decrease Java heap size (-Xmx/-Xms)
#   Decrease number of Java threads
#   Decrease Java thread stack sizes (-Xss)
#   Set larger code cache with -XX:ReservedCodeCacheSize=
#   JVM is running with Unscaled Compressed Oops mode in which the Java heap is
#     placed in the first 4GB address space. The Java Heap base address is the
#     maximum limit for the native heap growth. Please use -XX:HeapBaseMinAddress
#     to set the Java Heap base and to place the Java Heap above 4GB virtual address.
# This output file may be truncated or incomplete.
#
#  Out of Memory Error (virtualSpaceNode.cpp:112), pid=21520, tid=1084
#
# JRE version: Java(TM) SE Runtime Environment (21.0.6+8) (build 21.0.6+8-LTS-188)
# Java VM: Java HotSpot(TM) 64-Bit Server VM (21.0.6+8-LTS-188, mixed mode, sharing, tiered, compressed oops, compressed class ptrs, g1 gc, windows-amd64)
# No core dump will be written. Minidumps are not enabled by default on client versions of Windows
#

---------------  S U M M A R Y ------------

Command Line: --enable-native-access=ALL-UNNAMED -Dclassworlds.conf=D:\3-1 DEVOPS\Softwares\apache-maven-3.9.11\bin\m2.conf -Dmaven.home=D:\3-1 DEVOPS\Softwares\apache-maven-3.9.11 -Dlibrary.jansi.path=D:\3-1 DEVOPS\Softwares\apache-maven-3.9.11\lib\jansi-native -Dmaven.multiModuleProjectDirectory=D:\DELL\Documents\JENKINS\JENKINS-LIBRARY\LIBRARY-BACKEND org.codehaus.plexus.classworlds.launcher.Launcher clean package -DskipTests

Host: 12th Gen Intel(R) Core(TM) i5-1235U, 12 cores, 7G,  Windows 11 , 64 bit Build 26100 (10.0.26100.5074)
Time: Thu Oct 16 03:31:12 2025 India Standard Time elapsed time: 2.578136 seconds (0d 0h 0m 2s)

---------------  T H R E A D  ---------------

Current thread (0x000001813f9f2930):  JavaThread "main"             [_thread_in_vm, id=1084, stack(0x0000000616200000,0x0000000616300000) (1024K)]

Stack: [0x0000000616200000,0x0000000616300000]
Native frames: (J=compiled Java code, j=interpreted, Vv=VM code, C=native code)
V  [jvm.dll+0x6ca6d9]
V  [jvm.dll+0x854f51]
V  [jvm.dll+0x85747e]
V  [jvm.dll+0x857b53]
V  [jvm.dll+0x27dcc6]
V  [jvm.dll+0x850b6e]
V  [jvm.dll+0x66e3e5]
V  [jvm.dll+0x1e3f1c]
V  [jvm.dll+0x1e3cee]
V  [jvm.dll+0x670d13]
V  [jvm.dll+0x670b32]
V  [jvm.dll+0x66edbe]
V  [jvm.dll+0x2681ef]
V  [jvm.dll+0x679135]
V  [jvm.dll+0x214cb1]
V  [jvm.dll+0x21513a]
V  [jvm.dll+0x215b61]
V  [jvm.dll+0x20affe]
V  [jvm.dll+0x5ad2ec]
V  [jvm.dll+0x7cf136]
V  [jvm.dll+0x470c46]
V  [jvm.dll+0x476ac8]
C  [java.dll+0x17ec]

Java frames: (J=compiled Java code, j=interpreted, Vv=VM code)
J 530  java.lang.ClassLoader.defineClass1(Ljava/lang/ClassLoader;Ljava/lang/String;[BIILjava/security/ProtectionDomain;Ljava/lang/String;)Ljava/lang/Class; java.base@21.0.6 (0 bytes) @ 0x0000018151c0cd11 [0x0000018151c0cc40+0x00000000000000d1]
J 953 c1 java.lang.ClassLoader.defineClass(Ljava/lang/String;[BIILjava/security/ProtectionDomain;)Ljava/lang/Class; java.base@21.0.6 (43 bytes) @ 0x000001814a2d0b7c [0x000001814a2d0820+0x000000000000035c]
J 959 c1 java.security.SecureClassLoader.defineClass(Ljava/lang/String;[BIILjava/security/CodeSource;)Ljava/lang/Class; java.base@21.0.6 (16 bytes) @ 0x000001814a2d6b1c [0x000001814a2d6a40+0x00000000000000dc]
J 898 c1 java.net.URLClassLoader.defineClass(Ljava/lang/String;Ljdk/internal/loader/Resource;)Ljava/lang/Class; java.base@21.0.6 (224 bytes) @ 0x000001814a2b0074 [0x000001814a2aed40+0x0000000000001334]
J 957 c1 java.net.URLClassLoader$1.run()Ljava/lang/Class; java.base@21.0.6 (81 bytes) @ 0x000001814a2d3bbc [0x000001814a2d2f60+0x0000000000000c5c]
J 956 c1 java.net.URLClassLoader$1.run()Ljava/lang/Object; java.base@21.0.6 (5 bytes) @ 0x000001814a2d2a3c [0x000001814a2d29c0+0x000000000000007c]
J 781 c1 java.security.AccessController.doPrivileged(Ljava/security/PrivilegedExceptionAction;Ljava/security/AccessControlContext;)Ljava/lang/Object; java.base@21.0.6 (26 bytes) @ 0x000001814a265614 [0x000001814a265420+0x00000000000001f4]
J 896 c1 java.net.URLClassLoader.findClass(Ljava/lang/String;)Ljava/lang/Class; java.base@21.0.6 (47 bytes) @ 0x000001814a2addc4 [0x000001814a2adc20+0x00000000000001a4]
J 900 c1 org.codehaus.plexus.classworlds.realm.ClassRealm.loadClassFromSelf(Ljava/lang/String;)Ljava/lang/Class; (40 bytes) @ 0x000001814a2b1bbc [0x000001814a2b1820+0x000000000000039c]
J 831 c1 org.codehaus.plexus.classworlds.strategy.SelfFirstStrategy.loadClass(Ljava/lang/String;)Ljava/lang/Class; (50 bytes) @ 0x000001814a282eac [0x000001814a282ac0+0x00000000000003ec]
J 589 c1 org.codehaus.plexus.classworlds.realm.ClassRealm.loadClass(Ljava/lang/String;Z)Ljava/lang/Class; (33 bytes) @ 0x000001814a1f8b64 [0x000001814a1f89e0+0x0000000000000184]
J 588 c1 org.codehaus.plexus.classworlds.realm.ClassRealm.loadClass(Ljava/lang/String;)Ljava/lang/Class; (7 bytes) @ 0x000001814a1f8644 [0x000001814a1f8540+0x0000000000000104]
v  ~StubRoutines::call_stub 0x000001815164100d
J 1803  java.lang.Class.getDeclaredFields0(Z)[Ljava/lang/reflect/Field; java.base@21.0.6 (0 bytes) @ 0x0000018151ca3393 [0x0000018151ca3340+0x0000000000000053]
J 1644 c1 java.lang.Class.privateGetDeclaredFields(Z)[Ljava/lang/reflect/Field; java.base@21.0.6 (64 bytes) @ 0x000001814a413dd4 [0x000001814a413c40+0x0000000000000194]
J 1734 c1 java.lang.Class.getDeclaredFields()[Ljava/lang/reflect/Field; java.base@21.0.6 (27 bytes) @ 0x000001814a44ee94 [0x000001814a44ed60+0x0000000000000134]
J 1733 c1 com.google.inject.internal.DeclaredMembers.getDeclaredFields(Ljava/lang/Class;)[Ljava/lang/reflect/Field; (52 bytes) @ 0x000001814a44c084 [0x000001814a44c020+0x0000000000000064]
J 1774 c1 com.google.inject.spi.InjectionPoint.getInjectionPoints(Lcom/google/inject/TypeLiteral;ZLcom/google/inject/internal/Errors;)Ljava/util/Set; (489 bytes) @ 0x000001814a45d004 [0x000001814a45ca60+0x00000000000005a4]
J 1773 c1 com.google.inject.spi.InjectionPoint.forInstanceMethodsAndFields(Lcom/google/inject/TypeLiteral;)Ljava/util/Set; (40 bytes) @ 0x000001814a461a9c [0x000001814a4618e0+0x00000000000001bc]
j  org.eclipse.sisu.wire.DependencyAnalyzer.analyzeImplementation(Lcom/google/inject/TypeLiteral;Z)Ljava/lang/Boolean;+44
j  org.eclipse.sisu.wire.DependencyAnalyzer.visit(Lcom/google/inject/spi/UntargettedBinding;)Ljava/lang/Boolean;+11
j  org.eclipse.sisu.wire.DependencyAnalyzer.visit(Lcom/google/inject/spi/UntargettedBinding;)Ljava/lang/Object;+2
j  com.google.inject.internal.UntargettedBindingImpl.acceptTargetVisitor(Lcom/google/inject/spi/BindingTargetVisitor;)Ljava/lang/Object;+2
j  org.eclipse.sisu.wire.ElementAnalyzer.visit(Lcom/google/inject/Binding;)Ljava/lang/Void;+43
j  org.eclipse.sisu.wire.ElementAnalyzer.visit(Lcom/google/inject/Binding;)Ljava/lang/Object;+2
j  com.google.inject.internal.BindingImpl.acceptVisitor(Lcom/google/inject/spi/ElementVisitor;)Ljava/lang/Object;+2
j  org.eclipse.sisu.wire.WireModule.configure(Lcom/google/inject/Binder;)V+45
j  com.google.inject.spi.Elements$RecordingBinder.install(Lcom/google/inject/Module;)V+209
j  com.google.inject.spi.Elements.getElements(Lcom/google/inject/Stage;Ljava/lang/Iterable;)Ljava/util/List;+40
j  com.google.inject.internal.InjectorShell$Builder.build(Lcom/google/inject/internal/Initializer;Lcom/google/inject/internal/ProcessedBindingData;Lcom/google/inject/internal/util/ContinuousStopwatch;Lcom/google/inject/internal/Errors;)Ljava/util/List;+163
j  com.google.inject.internal.InternalInjectorCreator.build()Lcom/google/inject/Injector;+48
j  com.google.inject.Guice.createInjector(Lcom/google/inject/Stage;Ljava/lang/Iterable;)Lcom/google/inject/Injector;+15
j  com.google.inject.Guice.createInjector(Ljava/lang/Iterable;)Lcom/google/inject/Injector;+4
j  com.google.inject.Guice.createInjector([Lcom/google/inject/Module;)Lcom/google/inject/Injector;+4
j  org.codehaus.plexus.DefaultPlexusContainer.addPlexusInjector(Ljava/util/List;[Lcom/google/inject/Module;)Lcom/google/inject/Injector;+88
j  org.codehaus.plexus.DefaultPlexusContainer.<init>(Lorg/codehaus/plexus/ContainerConfiguration;[Lcom/google/inject/Module;)V+414
j  org.apache.maven.cli.MavenCli.container(Lorg/apache/maven/cli/CliRequest;)Lorg/codehaus/plexus/PlexusContainer;+279
j  org.apache.maven.cli.MavenCli.doMain(Lorg/apache/maven/cli/CliRequest;)I+34
j  org.apache.maven.cli.MavenCli.main([Ljava/lang/String;Lorg/codehaus/plexus/classworlds/ClassWorld;)I+24
j  java.lang.invoke.DirectMethodHandle$Holder.invokeStatic(Ljava/lang/Object;Ljava/lang/Object;Ljava/lang/Object;)I+11 java.base@21.0.6
j  java.lang.invoke.LambdaForm$MH+0x0000018160009400.invoke(Ljava/lang/Object;Ljava/lang/Object;Ljava/lang/Object;Ljava/lang/Object;)Ljava/lang/Object;+54 java.base@21.0.6
j  java.lang.invoke.LambdaForm$MH+0x0000018160009800.invokeExact_MT(Ljava/lang/Object;Ljava/lang/Object;Ljava/lang/Object;Ljava/lang/Object;Ljava/lang/Object;)Ljava/lang/Object;+22 java.base@21.0.6
j  jdk.internal.reflect.DirectMethodHandleAccessor.invokeImpl(Ljava/lang/Object;[Ljava/lang/Object;)Ljava/lang/Object;+72 java.base@21.0.6
j  jdk.internal.reflect.DirectMethodHandleAccessor.invoke(Ljava/lang/Object;[Ljava/lang/Object;)Ljava/lang/Object;+23 java.base@21.0.6
j  java.lang.reflect.Method.invoke(Ljava/lang/Object;[Ljava/lang/Object;)Ljava/lang/Object;+102 java.base@21.0.6
j  org.codehaus.plexus.classworlds.launcher.Launcher.launchEnhanced([Ljava/lang/String;)V+45
j  org.codehaus.plexus.classworlds.launcher.Launcher.launch([Ljava/lang/String;)V+2
j  org.codehaus.plexus.classworlds.launcher.Launcher.mainWithExitCode([Ljava/lang/String;)I+108
j  org.codehaus.plexus.classworlds.launcher.Launcher.main([Ljava/lang/String;)V+1
v  ~StubRoutines::call_stub 0x000001815164100d

Compiled method (n/a)    2620  530     n 0       java.lang.ClassLoader::defineClass1 (native)
 total in heap  [0x0000018151c0ca90,0x0000018151c0d0f0] = 1632
 relocation     [0x0000018151c0cbf0,0x0000018151c0cc28] = 56
 main code      [0x0000018151c0cc40,0x0000018151c0d0ef] = 1199
 stub code      [0x0000018151c0d0ef,0x0000018151c0d0f0] = 1

[Constant Pool (empty)]

[MachCode]
[Entry Point]
  # {method} {0x000001815f43ac80} 'defineClass1' '(Ljava/lang/ClassLoader;Ljava/lang/String;[BIILjava/security/ProtectionDomain;Ljava/lang/String;)Ljava/lang/Class;' in 'java/lang/ClassLoader'
  # parm0:    rdx:rdx   = 'java/lang/ClassLoader'
  # parm1:    r8:r8     = 'java/lang/String'
  # parm2:    r9:r9     = '[B'
  # parm3:    rdi       = int
  # parm4:    rsi       = int
  # parm5:    rcx:rcx   = 'java/security/ProtectionDomain'
  # parm6:    [sp+0xa0]   = 'java/lang/String'  (sp of caller)
  0x0000018151c0cc40: 448b 5208 | 49bb 0000 | 005f 8101 | 0000 4d03 | d349 3bc2 | 0f84 0600 

  0x0000018151c0cc58: ;   {runtime_call ic_miss_stub}
  0x0000018151c0cc58: 0000 e921 | 1ba8 ff90 
[Verified Entry Point]
  0x0000018151c0cc60: 8984 2400 | 80ff ff55 | 488b ec48 | 81ec 9000 | 0000 6690 | 4181 7f20 | 0100 0000 

  0x0000018151c0cc7c: ;   {runtime_call StubRoutines (final stubs)}
  0x0000018151c0cc7c: 7405 e8dd | 80a6 ff48 | 837d 1000 | 488d 4510 | 480f 4445 | 1048 8944 | 2440 4889 | 4c24 7048 
  0x0000018151c0cc9c: 83f9 0048 | 8d44 2470 | 480f 4444 | 2470 4889 | 4424 3848 | 8974 2430 | 4889 7c24 | 284c 894c 
  0x0000018151c0ccbc: 2458 4983 | f900 488d | 4424 5848 | 0f44 4424 | 5848 8944 | 2420 4c89 | 4424 5049 | 83f8 004c 
  0x0000018151c0ccdc: 8d4c 2450 | 4c0f 444c | 2450 4889 | 5424 4848 | 83fa 004c | 8d44 2448 | 4c0f 4444 

  0x0000018151c0ccf8: ;   {oop(a 'java/lang/Class'{0x0000000084ebee68} = 'java/lang/ClassLoader')}
  0x0000018151c0ccf8: 2448 49be | 68ee eb84 | 0000 0000 | 4c89 7424 | 784c 8d74 | 2478 498b | d6c5 f877 

  0x0000018151c0cd14: ;   {internal_word}
  0x0000018151c0cd14: 49ba 11cd | c051 8101 | 0000 4d89 | 97a0 0300 | 0049 89a7 | 9803 0000 

  0x0000018151c0cd2c: ;   {external_word}
  0x0000018151c0cd2c: 49ba e057 | dae6 fe7f | 0000 4180 | 3a00 0f84 | 4e00 0000 | 5241 5041 

  0x0000018151c0cd44: ;   {metadata({method} {0x000001815f43ac80} 'defineClass1' '(Ljava/lang/ClassLoader;Ljava/lang/String;[BIILjava/security/ProtectionDomain;Ljava/lang/String;)Ljava/lang/Class;' in 'java/lang/ClassLoader')}
  0x0000018151c0cd44: 5148 ba78 | ac43 5f81 | 0100 0049 | 8bcf 4883 | ec20 40f6 | c40f 0f84 | 1900 0000 | 4883 ec08 
  0x0000018151c0cd64: ;   {runtime_call}
  0x0000018151c0cd64: 48b8 8005 | 8be6 fe7f | 0000 ffd0 | 4883 c408 | e90c 0000 

  0x0000018151c0cd78: ;   {runtime_call}
  0x0000018151c0cd78: 0048 b880 | 058b e6fe | 7f00 00ff | d048 83c4 | 2041 5941 | 585a 498d | 8fb8 0300 | 0041 c787 
  0x0000018151c0cd98: 4404 0000 | 0400 0000 

  0x0000018151c0cda0: ;   {runtime_call}
  0x0000018151c0cda0: 48b8 ac16 | 3a81 ff7f | 0000 ffd0 | c5f8 7741 | c787 4404 | 0000 0500 | 0000 f083 | 4424 c000 
  0x0000018151c0cdc0: 493b af48 | 0400 000f | 870e 0000 | 0041 83bf | 4004 0000 | 000f 842b | 0000 00c5 | f877 4889 
  0x0000018151c0cde0: 45f8 498b | cf4c 8be4 | 4883 ec20 | 4883 e4f0 

  0x0000018151c0cdf0: ;   {runtime_call}
  0x0000018151c0cdf0: 48b8 f0b2 | 56e6 fe7f | 0000 ffd0 | 498b e44d | 33e4 488b | 45f8 41c7 | 8744 0400 | 0008 0000 
  0x0000018151c0ce10: 0041 83bf | c004 0000 | 020f 84a3 

  0x0000018151c0ce1c: ;   {external_word}
  0x0000018151c0ce1c: 0200 0049 | bae0 57da | e6fe 7f00 | 0041 803a | 000f 844c | 0000 0048 

  0x0000018151c0ce34: ;   {metadata({method} {0x000001815f43ac80} 'defineClass1' '(Ljava/lang/ClassLoader;Ljava/lang/String;[BIILjava/security/ProtectionDomain;Ljava/lang/String;)Ljava/lang/Class;' in 'java/lang/ClassLoader')}
  0x0000018151c0ce34: 8945 f848 | ba78 ac43 | 5f81 0100 | 0049 8bcf | 4883 ec20 | 40f6 c40f | 0f84 1900 | 0000 4883 
  0x0000018151c0ce54: ;   {runtime_call}
  0x0000018151c0ce54: ec08 48b8 | 8005 8be6 | fe7f 0000 | ffd0 4883 | c408 e90c 

  0x0000018151c0ce68: ;   {runtime_call}
  0x0000018151c0ce68: 0000 0048 | b880 058b | e6fe 7f00 | 00ff d048 | 83c4 2048 | 8b45 f849 | c787 9803 | 0000 0000 
  0x0000018151c0ce88: 0000 49c7 | 87a0 0300 | 0000 0000 | 00c5 f877 | 4885 c00f | 84fe 0100 | 00a8 030f | 8508 0000 
  0x0000018151c0cea8: 0048 8b00 | e9ee 0100 | 00a8 010f | 8509 0000 | 0048 8b40 | fee9 dd01 | 0000 488b | 40ff 4180 
  0x0000018151c0cec8: 7f40 000f | 84ce 0100 | 0048 83f8 | 000f 84c4 | 0100 0049 | 8b4f 2848 | 83f9 000f | 8414 0000 
  0x0000018151c0cee8: 0048 83e9 | 0849 894f | 2849 034f | 3848 8901 | e9a2 0100 | 0048 81ec | d000 0000 | 4889 0424 
  0x0000018151c0cf08: 4889 4c24 | 0848 8954 | 2410 4889 | 7424 1848 | 897c 2420 | 4c89 4424 | 284c 894c | 2430 4c89 
  0x0000018151c0cf28: 5424 384c | 895c 2440 | c5fb 1144 | 2450 c5fb | 114c 2458 | c5fb 1154 | 2460 c5fb | 115c 2468 
  0x0000018151c0cf48: c5fb 1164 | 2470 c5fb | 116c 2478 | c5fb 11b4 | 2480 0000 | 00c5 fb11 | bc24 8800 | 0000 c57b 
  0x0000018151c0cf68: ;   {no_reloc}
  0x0000018151c0cf68: 1184 2490 | 0000 00c5 | 7b11 8c24 | 9800 0000 | c57b 1194 | 24a0 0000 | 00c5 7b11 | 9c24 a800 
  0x0000018151c0cf88: 0000 c57b | 11a4 24b0 | 0000 00c5 | 7b11 ac24 | b800 0000 | c57b 11b4 | 24c0 0000 | 00c5 7b11 
  0x0000018151c0cfa8: bc24 c800 | 0000 498b | d748 8bc8 | 4883 ec20 | 40f6 c40f | 0f84 1900 | 0000 4883 

  0x0000018151c0cfc4: ;   {runtime_call}
  0x0000018151c0cfc4: ec08 48b8 | 90f1 49e6 | fe7f 0000 | ffd0 4883 | c408 e90c 

  0x0000018151c0cfd8: ;   {runtime_call}
  0x0000018151c0cfd8: 0000 0048 | b890 f149 | e6fe 7f00 | 00ff d048 | 83c4 20c5 | 7b10 bc24 | c800 0000 | c57b 10b4 
  0x0000018151c0cff8: 24c0 0000 | 00c5 7b10 | ac24 b800 | 0000 c57b | 10a4 24b0 | 0000 00c5 | 7b10 9c24 | a800 0000 
  0x0000018151c0d018: c57b 1094 | 24a0 0000 | 00c5 7b10 | 8c24 9800 | 0000 c57b | 1084 2490 | 0000 00c5 | fb10 bc24 
  0x0000018151c0d038: 8800 0000 | c5fb 10b4 | 2480 0000 | 00c5 fb10 | 6c24 78c5 | fb10 6424 | 70c5 fb10 | 5c24 68c5 
  0x0000018151c0d058: fb10 5424 | 60c5 fb10 | 4c24 58c5 | fb10 4424 | 504c 8b5c | 2440 4c8b | 5424 384c | 8b4c 2430 
  0x0000018151c0d078: 4c8b 4424 | 2848 8b7c | 2420 488b | 7424 1848 | 8b54 2410 | 488b 4c24 | 0848 8b04 | 2448 81c4 
  0x0000018151c0d098: d000 0000 | c5f8 7749 | 8b8f 2804 | 0000 c781 | 0001 0000 | 0000 0000 | c949 837f | 0800 0f85 
  0x0000018151c0d0b8: 0100 0000 

  0x0000018151c0d0bc: ;   {runtime_call StubRoutines (initial stubs)}
  0x0000018151c0d0bc: c3e9 3e3e | a3ff c5f8 | 7748 8945 | f84c 8be4 | 4883 ec20 | 4883 e4f0 

  0x0000018151c0d0d4: ;   {runtime_call}
  0x0000018151c0d0d4: 48b8 703d | 8be6 fe7f | 0000 ffd0 | 498b e44d | 33e4 488b | 45f8 e930 | fdff fff4 
[/MachCode]


Compiled method (c1)    2630  953       3       java.lang.ClassLoader::defineClass (43 bytes)
 total in heap  [0x000001814a2d0610,0x000001814a2d0f68] = 2392
 relocation     [0x000001814a2d0770,0x000001814a2d0810] = 160
 main code      [0x000001814a2d0820,0x000001814a2d0cc0] = 1184
 stub code      [0x000001814a2d0cc0,0x000001814a2d0d38] = 120
 metadata       [0x000001814a2d0d38,0x000001814a2d0d68] = 48
 scopes data    [0x000001814a2d0d68,0x000001814a2d0e58] = 240
 scopes pcs     [0x000001814a2d0e58,0x000001814a2d0f38] = 224
 dependencies   [0x000001814a2d0f38,0x000001814a2d0f40] = 8
 nul chk table  [0x000001814a2d0f40,0x000001814a2d0f68] = 40

[Constant Pool (empty)]

[MachCode]
[Entry Point]
  # {method} {0x000001815f43b000} 'defineClass' '(Ljava/lang/String;[BIILjava/security/ProtectionDomain;)Ljava/lang/Class;' in 'java/lang/ClassLoader'
  # this:     rdx:rdx   = 'java/lang/ClassLoader'
  # parm0:    r8:r8     = 'java/lang/String'
  # parm1:    r9:r9     = '[B'
  # parm2:    rdi       = int
  # parm3:    rsi       = int
  # parm4:    rcx:rcx   = 'java/security/ProtectionDomain'
  #           [sp+0xc0]  (sp of caller)
  0x000001814a2d0820: 448b 5208 | 49bb 0000 | 005f 8101 | 0000 4d03 | d34c 3bd0 

  0x000001814a2d0834: ;   {runtime_call ic_miss_stub}
  0x000001814a2d0834: 0f85 46df | 3b07 660f | 1f44 0000 
[Verified Entry Point]
  0x000001814a2d0840: 8984 2400 | 80ff ff55 | 4881 ecb0 | 0000 0090 | 4181 7f20 | 0100 0000 

  0x000001814a2d0858: ;   {runtime_call StubRoutines (final stubs)}
  0x000001814a2d0858: 7405 e801 | 453a 0748 | 8954 2478 

  0x000001814a2d0864: ;   {metadata(method data for {method} {0x000001815f43b000} 'defineClass' '(Ljava/lang/String;[BIILjava/security/ProtectionDomain;)Ljava/lang/Class;' in 'java/lang/ClassLoader')}
  0x000001814a2d0864: 48bb a05e | 1ba0 8101 | 0000 8b83 | cc00 0000 | 83c0 0289 | 83cc 0000 | 0025 fe07 | 0000 85c0 
  0x000001814a2d0884: 0f84 5803 | 0000 89b4 | 2494 0000 | 0089 bc24 | 9000 0000 | 4c89 8c24 | 8800 0000 

  0x000001814a2d08a0: ;   {metadata(method data for {method} {0x000001815f43b000} 'defineClass' '(Ljava/lang/String;[BIILjava/security/ProtectionDomain;)Ljava/lang/Class;' in 'java/lang/ClassLoader')}
  0x000001814a2d08a0: 488b da48 | b8a0 5e1b | a081 0100 | 0048 8380 | 1001 0000 | 0149 8bd8 | 4c8b c34c | 8bc9 488b 
  0x000001814a2d08c0: ca48 8bd1 | 4889 9c24 | 8000 0000 

  0x000001814a2d08cc: ;   {optimized virtual_call}
  0x000001814a2d08cc: 6666 90e8 

  0x000001814a2d08d0: ; ImmutableOopMap {[120]=Oop [128]=Oop [136]=Oop }
                      ;*invokevirtual preDefineClass {reexecute=0 rethrow=0 return_oop=0}
                      ; - java.lang.ClassLoader::defineClass@4 (line 1025)
  0x000001814a2d08d0: ccc8 f9ff 

  0x000001814a2d08d4: ;   {other}
  0x000001814a2d08d4: 0f1f 8400 | c402 0000 | 4889 8424 | 9800 0000 | 488b 5424 

  0x000001814a2d08e8: ;   {metadata(method data for {method} {0x000001815f43b000} 'defineClass' '(Ljava/lang/String;[BIILjava/security/ProtectionDomain;)Ljava/lang/Class;' in 'java/lang/ClassLoader')}
  0x000001814a2d08e8: 7849 b8a0 | 5e1b a081 | 0100 0049 | 8380 4801 

  0x000001814a2d08f8: ;   {metadata(method data for {method} {0x000001815f43ace8} 'defineClassSourceLocation' '(Ljava/security/ProtectionDomain;)Ljava/lang/String;' in 'java/lang/ClassLoader')}
  0x000001814a2d08f8: 0000 0149 | b840 421b | a081 0100 | 0041 8b90 | cc00 0000 | 83c2 0241 | 8990 cc00 | 0000 81e2 
  0x000001814a2d0918: feff 1f00 | 85d2 0f84 | df02 0000 

  0x000001814a2d0924: ; implicit exception: dispatches to 0x000001814a2d0c24
  0x000001814a2d0924: 483b 004c 

  0x000001814a2d0928: ;   {metadata(method data for {method} {0x000001815f43ace8} 'defineClassSourceLocation' '(Ljava/security/ProtectionDomain;)Ljava/lang/String;' in 'java/lang/ClassLoader')}
  0x000001814a2d0928: 8bc0 48ba | 4042 1ba0 | 8101 0000 | 4883 8210 | 0100 0001 | 448b 4010 

  0x000001814a2d0940: ;   {metadata(method data for {method} {0x000001815f43ace8} 'defineClassSourceLocation' '(Ljava/security/ProtectionDomain;)Ljava/lang/String;' in 'java/lang/ClassLoader')}
  0x000001814a2d0940: 4d85 c048 | ba40 421b | a081 0100 | 0048 be58 | 0100 0000 | 0000 0075 | 0a48 be48 | 0100 0000 
  0x000001814a2d0960: 0000 0048 | 8b3c 3248 | 8d7f 0148 | 893c 320f | 850f 0000 

  0x000001814a2d0974: ;   {oop(nullptr)}
  0x000001814a2d0974: 0048 bb00 | 0000 0000 | 0000 00e9 | a301 0000 

  0x000001814a2d0984: ; implicit exception: dispatches to 0x000001814a2d0c29
  0x000001814a2d0984: 493b 0049 

  0x000001814a2d0988: ;   {metadata(method data for {method} {0x000001815f43ace8} 'defineClassSourceLocation' '(Ljava/security/ProtectionDomain;)Ljava/lang/String;' in 'java/lang/ClassLoader')}
  0x000001814a2d0988: 8bd0 48be | 4042 1ba0 | 8101 0000 | 4883 8668 | 0100 0001 | 418b 500c 

  0x000001814a2d09a0: ;   {metadata(method data for {method} {0x000001815f43ace8} 'defineClassSourceLocation' '(Ljava/security/ProtectionDomain;)Ljava/lang/String;' in 'java/lang/ClassLoader')}
  0x000001814a2d09a0: 4885 d248 | be40 421b | a081 0100 | 0048 bfb0 | 0100 0000 | 0000 0075 | 0a48 bfa0 | 0100 0000 
  0x000001814a2d09c0: 0000 0048 | 8b1c 3e48 | 8d5b 0148 | 891c 3e0f | 850f 0000 

  0x000001814a2d09d4: ;   {oop(nullptr)}
  0x000001814a2d09d4: 0048 bb00 | 0000 0000 | 0000 00e9 | 4301 0000 

  0x000001814a2d09e4: ;   {metadata(method data for {method} {0x000001815f43ace8} 'defineClassSourceLocation' '(Ljava/security/ProtectionDomain;)Ljava/lang/String;' in 'java/lang/ClassLoader')}
  0x000001814a2d09e4: 48be 4042 | 1ba0 8101 | 0000 4883 | 86c0 0100 | 0001 483b | 024c 8bc2 

  0x000001814a2d09fc: ;   {metadata(method data for {method} {0x000001815f43ace8} 'defineClassSourceLocation' '(Ljava/security/ProtectionDomain;)Ljava/lang/String;' in 'java/lang/ClassLoader')}
  0x000001814a2d09fc: 48be 4042 | 1ba0 8101 | 0000 4883 | 86f8 0100 

  0x000001814a2d0a0c: ;   {metadata(method data for {method} {0x000001815f01a7c0} 'toString' '()Ljava/lang/String;' in 'java/net/URL')}
  0x000001814a2d0a0c: 0001 49b8 | 287f 16a0 | 8101 0000 | 418b b0cc | 0000 0083 | c602 4189 | b0cc 0000 | 0081 e6fe 
  0x000001814a2d0a2c: ff1f 0085 | f60f 84fc | 0100 004c 

  0x000001814a2d0a38: ;   {metadata(method data for {method} {0x000001815f01a7c0} 'toString' '()Ljava/lang/String;' in 'java/net/URL')}
  0x000001814a2d0a38: 8bc2 48be | 287f 16a0 | 8101 0000 | 4883 8610 | 0100 0001 

  0x000001814a2d0a4c: ;   {metadata(method data for {method} {0x000001815f42e900} 'toExternalForm' '()Ljava/lang/String;' in 'java/net/URL')}
  0x000001814a2d0a4c: 49b8 302c | 12a0 8101 | 0000 418b | b0cc 0000 | 0083 c602 | 4189 b0cc | 0000 0081 | e6fe ff1f 
  0x000001814a2d0a6c: 0085 f60f | 84df 0100 | 008b 7238 

  0x000001814a2d0a78: ; implicit exception: dispatches to 0x000001814a2d0c75
  0x000001814a2d0a78: 483b 064c 

  0x000001814a2d0a7c: ;   {metadata(method data for {method} {0x000001815f42e900} 'toExternalForm' '()Ljava/lang/String;' in 'java/net/URL')}
  0x000001814a2d0a7c: 8bc6 48bf | 302c 12a0 | 8101 0000 | 458b 4008 | 49ba 0000 | 005f 8101 | 0000 4d03 | c24c 3b87 
  0x000001814a2d0a9c: 2001 0000 | 750d 4883 | 8728 0100 | 0001 e960 | 0000 004c | 3b87 3001 | 0000 750d | 4883 8738 
  0x000001814a2d0abc: 0100 0001 | e94a 0000 | 0048 83bf | 2001 0000 | 0075 174c | 8987 2001 | 0000 48c7 | 8728 0100 
  0x000001814a2d0adc: 0001 0000 | 00e9 2900 | 0000 4883 | bf30 0100 | 0000 7517 | 4c89 8730 | 0100 0048 | c787 3801 
  0x000001814a2d0afc: 0000 0100 | 0000 e908 | 0000 0048 | 8387 1001 | 0000 014c | 8bc2 488b 

  0x000001814a2d0b14: ;   {optimized virtual_call}
  0x000001814a2d0b14: d666 90e8 

  0x000001814a2d0b18: ; ImmutableOopMap {[120]=Oop [128]=Oop [136]=Oop [152]=Oop }
                      ;*invokevirtual toExternalForm {reexecute=0 rethrow=0 return_oop=0}
                      ; - java.net.URL::toExternalForm@5 (line 1203)
                      ; - java.net.URL::toString@1 (line 1189)
                      ; - java.lang.ClassLoader::defineClassSourceLocation@22 (line 927)
                      ; - java.lang.ClassLoader::defineClass@12 (line 1026)
  0x000001814a2d0b18: 045b f2ff 

  0x000001814a2d0b1c: ;   {other}
  0x000001814a2d0b1c: 0f1f 8400 | 0c05 0001 | 488b d848 | 8b84 2498 | 0000 008b | b424 9400 | 0000 8bbc | 2490 0000 
  0x000001814a2d0b3c: 004c 8b8c | 2488 0000 | 004c 8b84 | 2480 0000 | 0048 8b54 

  0x000001814a2d0b50: ;   {metadata(method data for {method} {0x000001815f43b000} 'defineClass' '(Ljava/lang/String;[BIILjava/security/ProtectionDomain;)Ljava/lang/Class;' in 'java/lang/ClassLoader')}
  0x000001814a2d0b50: 2478 48b9 | a05e 1ba0 | 8101 0000 | 4883 8180 | 0100 0001 | 4c8b da49 | 8bd3 488b | c848 891c 
  0x000001814a2d0b70: 2466 0f1f 

  0x000001814a2d0b74: ;   {static_call}
  0x000001814a2d0b74: 4400 00e8 

  0x000001814a2d0b78: ; ImmutableOopMap {[120]=Oop [152]=Oop }
                      ;*invokestatic defineClass1 {reexecute=0 rethrow=0 return_oop=0}
                      ; - java.lang.ClassLoader::defineClass@27 (line 1027)
  0x000001814a2d0b78: e4c0 9307 

  0x000001814a2d0b7c: ;   {other}
  0x000001814a2d0b7c: 0f1f 8400 | 6c05 0002 | 488b 5424 

  0x000001814a2d0b88: ;   {metadata(method data for {method} {0x000001815f43b000} 'defineClass' '(Ljava/lang/String;[BIILjava/security/ProtectionDomain;)Ljava/lang/Class;' in 'java/lang/ClassLoader')}
  0x000001814a2d0b88: 7849 b8a0 | 5e1b a081 | 0100 0049 | 8380 9001 | 0000 014c | 8bc0 4c8b | 8c24 9800 | 0000 488b 
  0x000001814a2d0ba8: 5424 7848 | 8984 24a0 | 0000 000f 

  0x000001814a2d0bb4: ;   {optimized virtual_call}
  0x000001814a2d0bb4: 1f40 00e8 

  0x000001814a2d0bb8: ; ImmutableOopMap {[160]=Oop }
                      ;*invokevirtual postDefineClass {reexecute=0 rethrow=0 return_oop=0}
                      ; - java.lang.ClassLoader::defineClass@37 (line 1028)
  0x000001814a2d0bb8: 64c0 ffff 

  0x000001814a2d0bbc: ;   {other}
  0x000001814a2d0bbc: 0f1f 8400 | ac05 0003 | 488b 8424 | a000 0000 | 4881 c4b0 | 0000 005d 

  0x000001814a2d0bd4: ;   {poll_return}
  0x000001814a2d0bd4: 493b a748 | 0400 000f | 8799 0000 

  0x000001814a2d0be0: ;   {metadata({method} {0x000001815f43b000} 'defineClass' '(Ljava/lang/String;[BIILjava/security/ProtectionDomain;)Ljava/lang/Class;' in 'java/lang/ClassLoader')}
  0x000001814a2d0be0: 00c3 49ba | f8af 435f | 8101 0000 | 4c89 5424 | 0848 c704 | 24ff ffff 

  0x000001814a2d0bf8: ;   {runtime_call counter_overflow Runtime1 stub}
  0x000001814a2d0bf8: ffe8 02a6 

  0x000001814a2d0bfc: ; ImmutableOopMap {rdx=Oop r8=Oop r9=Oop rcx=Oop [120]=Oop }
                      ;*synchronization entry
                      ; - java.lang.ClassLoader::defineClass@-1 (line 1025)
  0x000001814a2d0bfc: 4807 e987 

  0x000001814a2d0c00: ;   {metadata({method} {0x000001815f43ace8} 'defineClassSourceLocation' '(Ljava/security/ProtectionDomain;)Ljava/lang/String;' in 'java/lang/ClassLoader')}
  0x000001814a2d0c00: fcff ff49 | bae0 ac43 | 5f81 0100 | 004c 8954 | 2408 48c7 | 0424 ffff 

  0x000001814a2d0c18: ;   {runtime_call counter_overflow Runtime1 stub}
  0x000001814a2d0c18: ffff e8e1 

  0x000001814a2d0c1c: ; ImmutableOopMap {rax=Oop [120]=Oop [128]=Oop [136]=Oop [152]=Oop }
                      ;*synchronization entry
                      ; - java.lang.ClassLoader::defineClassSourceLocation@-1 (line 924)
                      ; - java.lang.ClassLoader::defineClass@12 (line 1026)
  0x000001814a2d0c1c: a548 07e9 | 00fd ffff 

  0x000001814a2d0c24: ;   {runtime_call throw_null_pointer_exception Runtime1 stub}
  0x000001814a2d0c24: e857 4148 

  0x000001814a2d0c28: ; ImmutableOopMap {rax=Oop [120]=Oop [128]=Oop [136]=Oop [152]=Oop }
                      ;*invokevirtual getCodeSource {reexecute=0 rethrow=0 return_oop=0}
                      ; - java.lang.ClassLoader::defineClassSourceLocation@1 (line 924)
                      ; - java.lang.ClassLoader::defineClass@12 (line 1026)
                      ;   {runtime_call throw_null_pointer_exception Runtime1 stub}
  0x000001814a2d0c28: 07e8 5241 

  0x000001814a2d0c2c: ; ImmutableOopMap {rax=Oop r8=Oop [120]=Oop [128]=Oop [136]=Oop [152]=Oop }
                      ;*invokevirtual getLocation {reexecute=0 rethrow=0 return_oop=0}
                      ; - java.lang.ClassLoader::defineClassSourceLocation@12 (line 926)
                      ; - java.lang.ClassLoader::defineClass@12 (line 1026)
                      ;   {runtime_call throw_null_pointer_exception Runtime1 stub}
  0x000001814a2d0c2c: 4807 e84d 

  0x000001814a2d0c30: ; ImmutableOopMap {rdx=Oop [120]=Oop [128]=Oop [136]=Oop [152]=Oop }
                      ;*invokevirtual toString {reexecute=0 rethrow=0 return_oop=0}
                      ; - java.lang.ClassLoader::defineClassSourceLocation@22 (line 927)
                      ; - java.lang.ClassLoader::defineClass@12 (line 1026)
                      ;   {metadata({method} {0x000001815f01a7c0} 'toString' '()Ljava/lang/String;' in 'java/net/URL')}
  0x000001814a2d0c30: 4148 0749 | bab8 a701 | 5f81 0100 | 004c 8954 | 2408 48c7 | 0424 ffff 

  0x000001814a2d0c48: ;   {runtime_call counter_overflow Runtime1 stub}
  0x000001814a2d0c48: ffff e8b1 

  0x000001814a2d0c4c: ; ImmutableOopMap {rdx=Oop [120]=Oop [128]=Oop [136]=Oop [152]=Oop }
                      ;*synchronization entry
                      ; - java.net.URL::toString@-1 (line 1189)
                      ; - java.lang.ClassLoader::defineClassSourceLocation@22 (line 927)
                      ; - java.lang.ClassLoader::defineClass@12 (line 1026)
  0x000001814a2d0c4c: a548 07e9 | e3fd ffff 

  0x000001814a2d0c54: ;   {metadata({method} {0x000001815f42e900} 'toExternalForm' '()Ljava/lang/String;' in 'java/net/URL')}
  0x000001814a2d0c54: 49ba f8e8 | 425f 8101 | 0000 4c89 | 5424 0848 | c704 24ff 

  0x000001814a2d0c68: ;   {runtime_call counter_overflow Runtime1 stub}
  0x000001814a2d0c68: ffff ffe8 

  0x000001814a2d0c6c: ; ImmutableOopMap {rdx=Oop [120]=Oop [128]=Oop [136]=Oop [152]=Oop }
                      ;*synchronization entry
                      ; - java.net.URL::toExternalForm@-1 (line 1203)
                      ; - java.net.URL::toString@1 (line 1189)
                      ; - java.lang.ClassLoader::defineClassSourceLocation@22 (line 927)
                      ; - java.lang.ClassLoader::defineClass@12 (line 1026)
  0x000001814a2d0c6c: 90a5 4807 | e900 feff 

  0x000001814a2d0c74: ;   {runtime_call throw_null_pointer_exception Runtime1 stub}
  0x000001814a2d0c74: ffe8 0641 

  0x000001814a2d0c78: ; ImmutableOopMap {rdx=Oop rsi=Oop [120]=Oop [128]=Oop [136]=Oop [152]=Oop }
                      ;*invokevirtual toExternalForm {reexecute=0 rethrow=0 return_oop=0}
                      ; - java.net.URL::toExternalForm@5 (line 1203)
                      ; - java.net.URL::toString@1 (line 1189)
                      ; - java.lang.ClassLoader::defineClassSourceLocation@22 (line 927)
                      ; - java.lang.ClassLoader::defineClass@12 (line 1026)
                      ;   {internal_word}
  0x000001814a2d0c78: 4807 49ba | d40b 2d4a | 8101 0000 | 4d89 9760 

  0x000001814a2d0c88: ;   {runtime_call SafepointBlob}
  0x000001814a2d0c88: 0400 00e9 | 704a 3c07 | 498b 87f8 | 0400 0049 | c787 f804 | 0000 0000 | 0000 49c7 | 8700 0500 
  0x000001814a2d0ca8: 0000 0000 | 0048 81c4 | b000 0000 

  0x000001814a2d0cb4: ;   {runtime_call unwind_exception Runtime1 stub}
  0x000001814a2d0cb4: 5de9 c631 | 4807 f4f4 | f4f4 f4f4 
[Stub Code]
  0x000001814a2d0cc0: ;   {no_reloc}
  0x000001814a2d0cc0: 0f1f 4400 

  0x000001814a2d0cc4: ;   {static_stub}
  0x000001814a2d0cc4: 0048 bb00 | 0000 0000 

  0x000001814a2d0ccc: ;   {runtime_call}
  0x000001814a2d0ccc: 0000 00e9 | fbff ffff 

  0x000001814a2d0cd4: ;   {static_stub}
  0x000001814a2d0cd4: 48bb 0000 | 0000 0000 

  0x000001814a2d0cdc: ;   {runtime_call}
  0x000001814a2d0cdc: 0000 e9fb 

  0x000001814a2d0ce0: ;   {static_stub}
  0x000001814a2d0ce0: ffff ff48 | bb00 0000 | 0000 0000 

  0x000001814a2d0cec: ;   {runtime_call}
  0x000001814a2d0cec: 00e9 fbff 

  0x000001814a2d0cf0: ;   {static_stub}
  0x000001814a2d0cf0: ffff 48bb | 0000 0000 | 0000 0000 

  0x000001814a2d0cfc: ;   {runtime_call}
  0x000001814a2d0cfc: e9fb ffff 

  0x000001814a2d0d00: ;   {runtime_call handle_exception_from_callee Runtime1 stub}
  0x000001814a2d0d00: ffe8 fa71 

  0x000001814a2d0d04: ;   {external_word}
  0x000001814a2d0d04: 4807 48b9 | a046 b2e6 | fe7f 0000 | 4883 e4f0 

  0x000001814a2d0d14: ;   {runtime_call}
  0x000001814a2d0d14: 48b8 b028 | 7ae6 fe7f | 0000 ffd0 

  0x000001814a2d0d20: ;   {section_word}
  0x000001814a2d0d20: f449 ba21 | 0d2d 4a81 | 0100 0041 

  0x000001814a2d0d2c: ;   {runtime_call DeoptimizationBlob}
  0x000001814a2d0d2c: 52e9 6e3c | 3c07 f4f4 | f4f4 f4f4 
[/MachCode]


Compiled method (c1)    2646  959       3       java.security.SecureClassLoader::defineClass (16 bytes)
 total in heap  [0x000001814a2d6890,0x000001814a2d6c90] = 1024
 relocation     [0x000001814a2d69f0,0x000001814a2d6a40] = 80
 main code      [0x000001814a2d6a40,0x000001814a2d6b98] = 344
 stub code      [0x000001814a2d6b98,0x000001814a2d6be8] = 80
 metadata       [0x000001814a2d6be8,0x000001814a2d6bf0] = 8
 scopes data    [0x000001814a2d6bf0,0x000001814a2d6c38] = 72
 scopes pcs     [0x000001814a2d6c38,0x000001814a2d6c88] = 80
 dependencies   [0x000001814a2d6c88,0x000001814a2d6c90] = 8

[Constant Pool (empty)]

[MachCode]
[Entry Point]
  # {method} {0x000001815f04d398} 'defineClass' '(Ljava/lang/String;[BIILjava/security/CodeSource;)Ljava/lang/Class;' in 'java/security/SecureClassLoader'
  # this:     rdx:rdx   = 'java/security/SecureClassLoader'
  # parm0:    r8:r8     = 'java/lang/String'
  # parm1:    r9:r9     = '[B'
  # parm2:    rdi       = int
  # parm3:    rsi       = int
  # parm4:    rcx:rcx   = 'java/security/CodeSource'
  #           [sp+0x80]  (sp of caller)
  0x000001814a2d6a40: 448b 5208 | 49bb 0000 | 005f 8101 | 0000 4d03 | d34c 3bd0 

  0x000001814a2d6a54: ;   {runtime_call ic_miss_stub}
  0x000001814a2d6a54: 0f85 267d | 3b07 660f | 1f44 0000 
[Verified Entry Point]
  0x000001814a2d6a60: 8984 2400 | 80ff ff55 | 4883 ec70 | 4181 7f20 | 0100 0000 

  0x000001814a2d6a74: ;   {runtime_call StubRoutines (final stubs)}
  0x000001814a2d6a74: 7405 e8e5 

  0x000001814a2d6a78: ;   {metadata(method data for {method} {0x000001815f04d398} 'defineClass' '(Ljava/lang/String;[BIILjava/security/CodeSource;)Ljava/lang/Class;' in 'java/security/SecureClassLoader')}
  0x000001814a2d6a78: e239 0748 | bb50 6818 | a081 0100 | 008b 83cc | 0000 0083 | c002 8983 | cc00 0000 | 25fe 0700 
  0x000001814a2d6a98: 0085 c00f | 8496 0000 | 0089 7424 | 5c89 7c24 | 584c 894c | 2450 4c89 | 4424 4848 

  0x000001814a2d6ab4: ;   {metadata(method data for {method} {0x000001815f04d398} 'defineClass' '(Ljava/lang/String;[BIILjava/security/CodeSource;)Ljava/lang/Class;' in 'java/security/SecureClassLoader')}
  0x000001814a2d6ab4: 8bda 48b8 | 5068 18a0 | 8101 0000 | 4883 8010 | 0100 0001 | 4c8b c148 | 8bc2 488b | d048 8944 
  0x000001814a2d6ad4: ;   {optimized virtual_call}
  0x000001814a2d6ad4: 2440 90e8 

  0x000001814a2d6ad8: ; ImmutableOopMap {[64]=Oop [72]=Oop [80]=Oop }
                      ;*invokevirtual getProtectionDomain {reexecute=0 rethrow=0 return_oop=0}
                      ; - java.security.SecureClassLoader::defineClass@9 (line 150)
  0x000001814a2d6ad8: 44b7 fcff 

  0x000001814a2d6adc: ;   {other}
  0x000001814a2d6adc: 0f1f 8400 | 4c02 0000 | 488b 5424 

  0x000001814a2d6ae8: ;   {metadata(method data for {method} {0x000001815f04d398} 'defineClass' '(Ljava/lang/String;[BIILjava/security/CodeSource;)Ljava/lang/Class;' in 'java/security/SecureClassLoader')}
  0x000001814a2d6ae8: 4049 b850 | 6818 a081 | 0100 0049 | 8380 4801 | 0000 014c | 8b44 2448 | 4c8b 4c24 | 508b 7c24 
  0x000001814a2d6b08: 588b 7424 | 5c48 8bc8 | 488b 5424 

  0x000001814a2d6b14: ;   {optimized virtual_call}
  0x000001814a2d6b14: 4066 90e8 

  0x000001814a2d6b18: ; ImmutableOopMap {}
                      ;*invokevirtual defineClass {reexecute=0 rethrow=0 return_oop=0}
                      ; - java.security.SecureClassLoader::defineClass@12 (line 150)
  0x000001814a2d6b18: 249d ffff 

  0x000001814a2d6b1c: ;   {other}
  0x000001814a2d6b1c: 0f1f 8400 | 8c02 0001 | 4883 c470 

  0x000001814a2d6b28: ;   {poll_return}
  0x000001814a2d6b28: 5d49 3ba7 | 4804 0000 | 0f87 2200 

  0x000001814a2d6b34: ;   {metadata({method} {0x000001815f04d398} 'defineClass' '(Ljava/lang/String;[BIILjava/security/CodeSource;)Ljava/lang/Class;' in 'java/security/SecureClassLoader')}
  0x000001814a2d6b34: 0000 c349 | ba90 d304 | 5f81 0100 | 004c 8954 | 2408 48c7 | 0424 ffff 

  0x000001814a2d6b4c: ;   {runtime_call counter_overflow Runtime1 stub}
  0x000001814a2d6b4c: ffff e8ad 

  0x000001814a2d6b50: ; ImmutableOopMap {rdx=Oop r8=Oop r9=Oop rcx=Oop }
                      ;*synchronization entry
                      ; - java.security.SecureClassLoader::defineClass@-1 (line 150)
  0x000001814a2d6b50: 4648 07e9 | 49ff ffff 

  0x000001814a2d6b58: ;   {internal_word}
  0x000001814a2d6b58: 49ba 296b | 2d4a 8101 | 0000 4d89 | 9760 0400 

  0x000001814a2d6b68: ;   {runtime_call SafepointBlob}
  0x000001814a2d6b68: 00e9 92eb | 3b07 498b | 87f8 0400 | 0049 c787 | f804 0000 | 0000 0000 | 49c7 8700 | 0500 0000 
  0x000001814a2d6b88: 0000 0048 | 83c4 705d 

  0x000001814a2d6b90: ;   {runtime_call unwind_exception Runtime1 stub}
  0x000001814a2d6b90: e9eb d247 | 07f4 f4f4 
[Stub Code]
  0x000001814a2d6b98: ;   {no_reloc}
  0x000001814a2d6b98: 48bb 0000 | 0000 0000 

  0x000001814a2d6ba0: ;   {runtime_call}
  0x000001814a2d6ba0: 0000 e9fb 

  0x000001814a2d6ba4: ;   {static_stub}
  0x000001814a2d6ba4: ffff ff48 | bb00 0000 | 0000 0000 

  0x000001814a2d6bb0: ;   {runtime_call}
  0x000001814a2d6bb0: 00e9 fbff 

  0x000001814a2d6bb4: ;   {runtime_call handle_exception_from_callee Runtime1 stub}
  0x000001814a2d6bb4: ffff e845 

  0x000001814a2d6bb8: ;   {external_word}
  0x000001814a2d6bb8: 1348 0748 | b9a0 46b2 | e6fe 7f00 | 0048 83e4 

  0x000001814a2d6bc8: ;   {runtime_call}
  0x000001814a2d6bc8: f048 b8b0 | 287a e6fe | 7f00 00ff 

  0x000001814a2d6bd4: ;   {section_word}
  0x000001814a2d6bd4: d0f4 49ba | d66b 2d4a | 8101 0000 

  0x000001814a2d6be0: ;   {runtime_call DeoptimizationBlob}
  0x000001814a2d6be0: 4152 e9b9 | dd3b 07f4 
[/MachCode]


---------------  P R O C E S S  ---------------

Threads class SMR info:
_java_thread_list=0x00000181a4752890, length=11, elements={
0x000001813f9f2930, 0x000001815e64d040, 0x000001815e64faa0, 0x000001815e655510,
0x000001815e657f70, 0x000001815e6589c0, 0x000001815e659410, 0x000001815e65aa00,
0x000001815e65db10, 0x000001815ec23fd0, 0x000001815ec28d20
}

Java Threads: ( => current thread )
=>0x000001813f9f2930 JavaThread "main"                              [_thread_in_vm, id=1084, stack(0x0000000616200000,0x0000000616300000) (1024K)]
  0x000001815e64d040 JavaThread "Reference Handler"          daemon [_thread_blocked, id=18420, stack(0x0000000616a00000,0x0000000616b00000) (1024K)]
  0x000001815e64faa0 JavaThread "Finalizer"                  daemon [_thread_blocked, id=21716, stack(0x0000000616b00000,0x0000000616c00000) (1024K)]
  0x000001815e655510 JavaThread "Signal Dispatcher"          daemon [_thread_blocked, id=7072, stack(0x0000000616c00000,0x0000000616d00000) (1024K)]
  0x000001815e657f70 JavaThread "Attach Listener"            daemon [_thread_blocked, id=8832, stack(0x0000000616d00000,0x0000000616e00000) (1024K)]
  0x000001815e6589c0 JavaThread "Service Thread"             daemon [_thread_blocked, id=4696, stack(0x0000000616e00000,0x0000000616f00000) (1024K)]
  0x000001815e659410 JavaThread "Monitor Deflation Thread"   daemon [_thread_blocked, id=4852, stack(0x0000000616f00000,0x0000000617000000) (1024K)]
  0x000001815e65aa00 JavaThread "C2 CompilerThread0"         daemon [_thread_blocked, id=9468, stack(0x0000000617000000,0x0000000617100000) (1024K)]
  0x000001815e65db10 JavaThread "C1 CompilerThread0"         daemon [_thread_blocked, id=13596, stack(0x0000000617100000,0x0000000617200000) (1024K)]
  0x000001815ec23fd0 JavaThread "Notification Thread"        daemon [_thread_blocked, id=14216, stack(0x0000000617200000,0x0000000617300000) (1024K)]
  0x000001815ec28d20 JavaThread "Common-Cleaner"             daemon [_thread_blocked, id=9624, stack(0x0000000617300000,0x0000000617400000) (1024K)]
Total: 11

Other Threads:
  0x000001815e6349b0 VMThread "VM Thread"                           [id=4720, stack(0x0000000616900000,0x0000000616a00000) (1024K)]
  0x000001815e623490 WatcherThread "VM Periodic Task Thread"        [id=13448, stack(0x0000000616800000,0x0000000616900000) (1024K)]
  0x0000018141cdc840 WorkerThread "GC Thread#0"                     [id=6064, stack(0x0000000616300000,0x0000000616400000) (1024K)]
  0x00000181a43ea3b0 WorkerThread "GC Thread#1"                     [id=13836, stack(0x0000000617600000,0x0000000617700000) (1024K)]
  0x00000181a48a0fa0 WorkerThread "GC Thread#2"                     [id=6596, stack(0x0000000617700000,0x0000000617800000) (1024K)]
  0x00000181a48a1340 WorkerThread "GC Thread#3"                     [id=6648, stack(0x0000000617800000,0x0000000617900000) (1024K)]
  0x00000181a4f3be10 WorkerThread "GC Thread#4"                     [id=16544, stack(0x0000000617900000,0x0000000617a00000) (1024K)]
  0x00000181a4eb6280 WorkerThread "GC Thread#5"                     [id=8200, stack(0x0000000617a00000,0x0000000617b00000) (1024K)]
  0x00000181a4eb7860 WorkerThread "GC Thread#6"                     [id=2980, stack(0x0000000617b00000,0x0000000617c00000) (1024K)]
  0x00000181a52e26f0 WorkerThread "GC Thread#7"                     [id=17524, stack(0x0000000617c00000,0x0000000617d00000) (1024K)]
  0x00000181a49ed770 WorkerThread "GC Thread#8"                     [id=20132, stack(0x0000000617400000,0x0000000617500000) (1024K)]
  0x00000181a49ed3d0 WorkerThread "GC Thread#9"                     [id=6252, stack(0x0000000617500000,0x0000000617600000) (1024K)]
  0x0000018141cedbd0 ConcurrentGCThread "G1 Main Marker"            [id=22272, stack(0x0000000616400000,0x0000000616500000) (1024K)]
  0x0000018141cf02a0 WorkerThread "G1 Conc#0"                       [id=5276, stack(0x0000000616500000,0x0000000616600000) (1024K)]
  0x000001815e4e5170 ConcurrentGCThread "G1 Refine#0"               [id=23184, stack(0x0000000616600000,0x0000000616700000) (1024K)]
  0x000001815e4e79a0 ConcurrentGCThread "G1 Service"                [id=5500, stack(0x0000000616700000,0x0000000616800000) (1024K)]
Total: 16

Threads with active compile tasks:
Total: 0

VM state: not at safepoint (normal execution)

VM Mutex/Monitor currently owned by a thread:  ([mutex/lock_event])
[0x00007ffee6dbbe18] Metaspace_lock - owner thread: 0x000001813f9f2930

Heap address: 0x0000000084e00000, size: 1970 MB, Compressed Oops mode: 32-bit

CDS archive(s) mapped at: [0x000001815f000000-0x000001815fc90000-0x000001815fc90000), size 13172736, SharedBaseAddress: 0x000001815f000000, ArchiveRelocationMode: 1.
Compressed class space mapped at: 0x0000018160000000-0x00000181a0000000, reserved size: 1073741824
Narrow klass base: 0x000001815f000000, Narrow klass shift: 0, Narrow klass range: 0x100000000

GC Precious Log:
 CardTable entry size: 512
 Card Set container configuration: InlinePtr #cards 5 size 8 Array Of Cards #cards 12 size 40 Howl #buckets 4 coarsen threshold 1843 Howl Bitmap #cards 512 size 80 coarsen threshold 460 Card regions per heap region 1 cards per card region 2048
 CPUs: 12 total, 12 available
 Memory: 7876M
 Large Page Support: Disabled
 NUMA Support: Disabled
 Compressed Oops: Enabled (32-bit)
 Heap Region Size: 1M
 Heap Min Capacity: 8M
 Heap Initial Capacity: 124M
 Heap Max Capacity: 1970M
 Pre-touch: Disabled
 Parallel Workers: 10
 Concurrent Workers: 3
 Concurrent Refinement Workers: 10
 Periodic GC: Disabled

Heap:
 garbage-first heap   total 126976K, used 6354K [0x0000000084e00000, 0x0000000100000000)
  region size 1024K, 4 young (4096K), 2 survivors (2048K)
 Metaspace       used 9898K, committed 10048K, reserved 1114112K
  class space    used 1162K, committed 1280K, reserved 1048576K

Heap Regions: E=young(eden), S=young(survivor), O=old, HS=humongous(starts), HC=humongous(continues), CS=collection set, F=free, TAMS=top-at-mark-start, PB=parsable bottom
|   0|0x0000000084e00000, 0x0000000084f00000, 0x0000000084f00000|100%| O|  |TAMS 0x0000000084e00000| PB 0x0000000084e00000| Untracked 
|   1|0x0000000084f00000, 0x0000000085000000, 0x0000000085000000|100%| O|  |TAMS 0x0000000084f00000| PB 0x0000000084f00000| Untracked 
|   2|0x0000000085000000, 0x0000000085100000, 0x0000000085100000|100%| O|  |TAMS 0x0000000085000000| PB 0x0000000085000000| Untracked 
|   3|0x0000000085100000, 0x00000000851b1720, 0x0000000085200000| 69%| O|  |TAMS 0x0000000085100000| PB 0x0000000085100000| Untracked 
|   4|0x0000000085200000, 0x0000000085200000, 0x0000000085300000|  0%| F|  |TAMS 0x0000000085200000| PB 0x0000000085200000| Untracked 
|   5|0x0000000085300000, 0x0000000085300000, 0x0000000085400000|  0%| F|  |TAMS 0x0000000085300000| PB 0x0000000085300000| Untracked 
|   6|0x0000000085400000, 0x0000000085400000, 0x0000000085500000|  0%| F|  |TAMS 0x0000000085400000| PB 0x0000000085400000| Untracked 
|   7|0x0000000085500000, 0x0000000085500000, 0x0000000085600000|  0%| F|  |TAMS 0x0000000085500000| PB 0x0000000085500000| Untracked 
|   8|0x0000000085600000, 0x0000000085600000, 0x0000000085700000|  0%| F|  |TAMS 0x0000000085600000| PB 0x0000000085600000| Untracked 
|   9|0x0000000085700000, 0x0000000085700000, 0x0000000085800000|  0%| F|  |TAMS 0x0000000085700000| PB 0x0000000085700000| Untracked 
|  10|0x0000000085800000, 0x0000000085800000, 0x0000000085900000|  0%| F|  |TAMS 0x0000000085800000| PB 0x0000000085800000| Untracked 
|  11|0x0000000085900000, 0x0000000085900000, 0x0000000085a00000|  0%| F|  |TAMS 0x0000000085900000| PB 0x0000000085900000| Untracked 
|  12|0x0000000085a00000, 0x0000000085a00000, 0x0000000085b00000|  0%| F|  |TAMS 0x0000000085a00000| PB 0x0000000085a00000| Untracked 
|  13|0x0000000085b00000, 0x0000000085b00000, 0x0000000085c00000|  0%| F|  |TAMS 0x0000000085b00000| PB 0x0000000085b00000| Untracked 
|  14|0x0000000085c00000, 0x0000000085c00000, 0x0000000085d00000|  0%| F|  |TAMS 0x0000000085c00000| PB 0x0000000085c00000| Untracked 
|  15|0x0000000085d00000, 0x0000000085d00000, 0x0000000085e00000|  0%| F|  |TAMS 0x0000000085d00000| PB 0x0000000085d00000| Untracked 
|  16|0x0000000085e00000, 0x0000000085e00000, 0x0000000085f00000|  0%| F|  |TAMS 0x0000000085e00000| PB 0x0000000085e00000| Untracked 
|  17|0x0000000085f00000, 0x0000000085f00000, 0x0000000086000000|  0%| F|  |TAMS 0x0000000085f00000| PB 0x0000000085f00000| Untracked 
|  18|0x0000000086000000, 0x0000000086000000, 0x0000000086100000|  0%| F|  |TAMS 0x0000000086000000| PB 0x0000000086000000| Untracked 
|  19|0x0000000086100000, 0x0000000086100000, 0x0000000086200000|  0%| F|  |TAMS 0x0000000086100000| PB 0x0000000086100000| Untracked 
|  20|0x0000000086200000, 0x0000000086200000, 0x0000000086300000|  0%| F|  |TAMS 0x0000000086200000| PB 0x0000000086200000| Untracked 
|  21|0x0000000086300000, 0x0000000086300000, 0x0000000086400000|  0%| F|  |TAMS 0x0000000086300000| PB 0x0000000086300000| Untracked 
|  22|0x0000000086400000, 0x0000000086400000, 0x0000000086500000|  0%| F|  |TAMS 0x0000000086400000| PB 0x0000000086400000| Untracked 
|  23|0x0000000086500000, 0x0000000086500000, 0x0000000086600000|  0%| F|  |TAMS 0x0000000086500000| PB 0x0000000086500000| Untracked 
|  24|0x0000000086600000, 0x0000000086600000, 0x0000000086700000|  0%| F|  |TAMS 0x0000000086600000| PB 0x0000000086600000| Untracked 
|  25|0x0000000086700000, 0x0000000086700000, 0x0000000086800000|  0%| F|  |TAMS 0x0000000086700000| PB 0x0000000086700000| Untracked 
|  26|0x0000000086800000, 0x0000000086800000, 0x0000000086900000|  0%| F|  |TAMS 0x0000000086800000| PB 0x0000000086800000| Untracked 
|  27|0x0000000086900000, 0x0000000086900000, 0x0000000086a00000|  0%| F|  |TAMS 0x0000000086900000| PB 0x0000000086900000| Untracked 
|  28|0x0000000086a00000, 0x0000000086a00000, 0x0000000086b00000|  0%| F|  |TAMS 0x0000000086a00000| PB 0x0000000086a00000| Untracked 
|  29|0x0000000086b00000, 0x0000000086b00000, 0x0000000086c00000|  0%| F|  |TAMS 0x0000000086b00000| PB 0x0000000086b00000| Untracked 
|  30|0x0000000086c00000, 0x0000000086c00000, 0x0000000086d00000|  0%| F|  |TAMS 0x0000000086c00000| PB 0x0000000086c00000| Untracked 
|  31|0x0000000086d00000, 0x0000000086d00000, 0x0000000086e00000|  0%| F|  |TAMS 0x0000000086d00000| PB 0x0000000086d00000| Untracked 
|  32|0x0000000086e00000, 0x0000000086e00000, 0x0000000086f00000|  0%| F|  |TAMS 0x0000000086e00000| PB 0x0000000086e00000| Untracked 
|  33|0x0000000086f00000, 0x0000000086f00000, 0x0000000087000000|  0%| F|  |TAMS 0x0000000086f00000| PB 0x0000000086f00000| Untracked 
|  34|0x0000000087000000, 0x0000000087000000, 0x0000000087100000|  0%| F|  |TAMS 0x0000000087000000| PB 0x0000000087000000| Untracked 
|  35|0x0000000087100000, 0x0000000087100000, 0x0000000087200000|  0%| F|  |TAMS 0x0000000087100000| PB 0x0000000087100000| Untracked 
|  36|0x0000000087200000, 0x0000000087200000, 0x0000000087300000|  0%| F|  |TAMS 0x0000000087200000| PB 0x0000000087200000| Untracked 
|  37|0x0000000087300000, 0x0000000087300000, 0x0000000087400000|  0%| F|  |TAMS 0x0000000087300000| PB 0x0000000087300000| Untracked 
|  38|0x0000000087400000, 0x0000000087400000, 0x0000000087500000|  0%| F|  |TAMS 0x0000000087400000| PB 0x0000000087400000| Untracked 
|  39|0x0000000087500000, 0x0000000087500000, 0x0000000087600000|  0%| F|  |TAMS 0x0000000087500000| PB 0x0000000087500000| Untracked 
|  40|0x0000000087600000, 0x0000000087600000, 0x0000000087700000|  0%| F|  |TAMS 0x0000000087600000| PB 0x0000000087600000| Untracked 
|  41|0x0000000087700000, 0x0000000087700000, 0x0000000087800000|  0%| F|  |TAMS 0x0000000087700000| PB 0x0000000087700000| Untracked 
|  42|0x0000000087800000, 0x0000000087800000, 0x0000000087900000|  0%| F|  |TAMS 0x0000000087800000| PB 0x0000000087800000| Untracked 
|  43|0x0000000087900000, 0x0000000087900000, 0x0000000087a00000|  0%| F|  |TAMS 0x0000000087900000| PB 0x0000000087900000| Untracked 
|  44|0x0000000087a00000, 0x0000000087a00000, 0x0000000087b00000|  0%| F|  |TAMS 0x0000000087a00000| PB 0x0000000087a00000| Untracked 
|  45|0x0000000087b00000, 0x0000000087b00000, 0x0000000087c00000|  0%| F|  |TAMS 0x0000000087b00000| PB 0x0000000087b00000| Untracked 
|  46|0x0000000087c00000, 0x0000000087c00000, 0x0000000087d00000|  0%| F|  |TAMS 0x0000000087c00000| PB 0x0000000087c00000| Untracked 
|  47|0x0000000087d00000, 0x0000000087d00000, 0x0000000087e00000|  0%| F|  |TAMS 0x0000000087d00000| PB 0x0000000087d00000| Untracked 
|  48|0x0000000087e00000, 0x0000000087e00000, 0x0000000087f00000|  0%| F|  |TAMS 0x0000000087e00000| PB 0x0000000087e00000| Untracked 
|  49|0x0000000087f00000, 0x0000000087f00000, 0x0000000088000000|  0%| F|  |TAMS 0x0000000087f00000| PB 0x0000000087f00000| Untracked 
|  50|0x0000000088000000, 0x0000000088000000, 0x0000000088100000|  0%| F|  |TAMS 0x0000000088000000| PB 0x0000000088000000| Untracked 
|  51|0x0000000088100000, 0x0000000088100000, 0x0000000088200000|  0%| F|  |TAMS 0x0000000088100000| PB 0x0000000088100000| Untracked 
|  52|0x0000000088200000, 0x0000000088200000, 0x0000000088300000|  0%| F|  |TAMS 0x0000000088200000| PB 0x0000000088200000| Untracked 
|  53|0x0000000088300000, 0x0000000088300000, 0x0000000088400000|  0%| F|  |TAMS 0x0000000088300000| PB 0x0000000088300000| Untracked 
|  54|0x0000000088400000, 0x0000000088400000, 0x0000000088500000|  0%| F|  |TAMS 0x0000000088400000| PB 0x0000000088400000| Untracked 
|  55|0x0000000088500000, 0x0000000088500000, 0x0000000088600000|  0%| F|  |TAMS 0x0000000088500000| PB 0x0000000088500000| Untracked 
|  56|0x0000000088600000, 0x0000000088600000, 0x0000000088700000|  0%| F|  |TAMS 0x0000000088600000| PB 0x0000000088600000| Untracked 
|  57|0x0000000088700000, 0x0000000088700000, 0x0000000088800000|  0%| F|  |TAMS 0x0000000088700000| PB 0x0000000088700000| Untracked 
|  58|0x0000000088800000, 0x0000000088800000, 0x0000000088900000|  0%| F|  |TAMS 0x0000000088800000| PB 0x0000000088800000| Untracked 
|  59|0x0000000088900000, 0x0000000088900000, 0x0000000088a00000|  0%| F|  |TAMS 0x0000000088900000| PB 0x0000000088900000| Untracked 
|  60|0x0000000088a00000, 0x0000000088a00000, 0x0000000088b00000|  0%| F|  |TAMS 0x0000000088a00000| PB 0x0000000088a00000| Untracked 
|  61|0x0000000088b00000, 0x0000000088b00000, 0x0000000088c00000|  0%| F|  |TAMS 0x0000000088b00000| PB 0x0000000088b00000| Untracked 
|  62|0x0000000088c00000, 0x0000000088c00000, 0x0000000088d00000|  0%| F|  |TAMS 0x0000000088c00000| PB 0x0000000088c00000| Untracked 
|  63|0x0000000088d00000, 0x0000000088d00000, 0x0000000088e00000|  0%| F|  |TAMS 0x0000000088d00000| PB 0x0000000088d00000| Untracked 
|  64|0x0000000088e00000, 0x0000000088e00000, 0x0000000088f00000|  0%| F|  |TAMS 0x0000000088e00000| PB 0x0000000088e00000| Untracked 
|  65|0x0000000088f00000, 0x0000000088f00000, 0x0000000089000000|  0%| F|  |TAMS 0x0000000088f00000| PB 0x0000000088f00000| Untracked 
|  66|0x0000000089000000, 0x0000000089000000, 0x0000000089100000|  0%| F|  |TAMS 0x0000000089000000| PB 0x0000000089000000| Untracked 
|  67|0x0000000089100000, 0x0000000089100000, 0x0000000089200000|  0%| F|  |TAMS 0x0000000089100000| PB 0x0000000089100000| Untracked 
|  68|0x0000000089200000, 0x0000000089200000, 0x0000000089300000|  0%| F|  |TAMS 0x0000000089200000| PB 0x0000000089200000| Untracked 
|  69|0x0000000089300000, 0x0000000089300000, 0x0000000089400000|  0%| F|  |TAMS 0x0000000089300000| PB 0x0000000089300000| Untracked 
|  70|0x0000000089400000, 0x0000000089400000, 0x0000000089500000|  0%| F|  |TAMS 0x0000000089400000| PB 0x0000000089400000| Untracked 
|  71|0x0000000089500000, 0x0000000089500000, 0x0000000089600000|  0%| F|  |TAMS 0x0000000089500000| PB 0x0000000089500000| Untracked 
|  72|0x0000000089600000, 0x0000000089600000, 0x0000000089700000|  0%| F|  |TAMS 0x0000000089600000| PB 0x0000000089600000| Untracked 
|  73|0x0000000089700000, 0x0000000089700000, 0x0000000089800000|  0%| F|  |TAMS 0x0000000089700000| PB 0x0000000089700000| Untracked 
|  74|0x0000000089800000, 0x0000000089800000, 0x0000000089900000|  0%| F|  |TAMS 0x0000000089800000| PB 0x0000000089800000| Untracked 
|  75|0x0000000089900000, 0x0000000089900000, 0x0000000089a00000|  0%| F|  |TAMS 0x0000000089900000| PB 0x0000000089900000| Untracked 
|  76|0x0000000089a00000, 0x0000000089a00000, 0x0000000089b00000|  0%| F|  |TAMS 0x0000000089a00000| PB 0x0000000089a00000| Untracked 
|  77|0x0000000089b00000, 0x0000000089b00000, 0x0000000089c00000|  0%| F|  |TAMS 0x0000000089b00000| PB 0x0000000089b00000| Untracked 
|  78|0x0000000089c00000, 0x0000000089c00000, 0x0000000089d00000|  0%| F|  |TAMS 0x0000000089c00000| PB 0x0000000089c00000| Untracked 
|  79|0x0000000089d00000, 0x0000000089d00000, 0x0000000089e00000|  0%| F|  |TAMS 0x0000000089d00000| PB 0x0000000089d00000| Untracked 
|  80|0x0000000089e00000, 0x0000000089e00000, 0x0000000089f00000|  0%| F|  |TAMS 0x0000000089e00000| PB 0x0000000089e00000| Untracked 
|  81|0x0000000089f00000, 0x0000000089f00000, 0x000000008a000000|  0%| F|  |TAMS 0x0000000089f00000| PB 0x0000000089f00000| Untracked 
|  82|0x000000008a000000, 0x000000008a000000, 0x000000008a100000|  0%| F|  |TAMS 0x000000008a000000| PB 0x000000008a000000| Untracked 
|  83|0x000000008a100000, 0x000000008a100000, 0x000000008a200000|  0%| F|  |TAMS 0x000000008a100000| PB 0x000000008a100000| Untracked 
|  84|0x000000008a200000, 0x000000008a200000, 0x000000008a300000|  0%| F|  |TAMS 0x000000008a200000| PB 0x000000008a200000| Untracked 
|  85|0x000000008a300000, 0x000000008a300000, 0x000000008a400000|  0%| F|  |TAMS 0x000000008a300000| PB 0x000000008a300000| Untracked 
|  86|0x000000008a400000, 0x000000008a400000, 0x000000008a500000|  0%| F|  |TAMS 0x000000008a400000| PB 0x000000008a400000| Untracked 
|  87|0x000000008a500000, 0x000000008a500000, 0x000000008a600000|  0%| F|  |TAMS 0x000000008a500000| PB 0x000000008a500000| Untracked 
|  88|0x000000008a600000, 0x000000008a600000, 0x000000008a700000|  0%| F|  |TAMS 0x000000008a600000| PB 0x000000008a600000| Untracked 
|  89|0x000000008a700000, 0x000000008a7831d0, 0x000000008a800000| 51%| S|CS|TAMS 0x000000008a700000| PB 0x000000008a700000| Complete 
|  90|0x000000008a800000, 0x000000008a900000, 0x000000008a900000|100%| S|CS|TAMS 0x000000008a800000| PB 0x000000008a800000| Complete 
|  91|0x000000008a900000, 0x000000008a900000, 0x000000008aa00000|  0%| F|  |TAMS 0x000000008a900000| PB 0x000000008a900000| Untracked 
|  92|0x000000008aa00000, 0x000000008aa00000, 0x000000008ab00000|  0%| F|  |TAMS 0x000000008aa00000| PB 0x000000008aa00000| Untracked 
|  93|0x000000008ab00000, 0x000000008ab00000, 0x000000008ac00000|  0%| F|  |TAMS 0x000000008ab00000| PB 0x000000008ab00000| Untracked 
|  94|0x000000008ac00000, 0x000000008ac00000, 0x000000008ad00000|  0%| F|  |TAMS 0x000000008ac00000| PB 0x000000008ac00000| Untracked 
|  95|0x000000008ad00000, 0x000000008ad00000, 0x000000008ae00000|  0%| F|  |TAMS 0x000000008ad00000| PB 0x000000008ad00000| Untracked 
|  96|0x000000008ae00000, 0x000000008ae00000, 0x000000008af00000|  0%| F|  |TAMS 0x000000008ae00000| PB 0x000000008ae00000| Untracked 
|  97|0x000000008af00000, 0x000000008af00000, 0x000000008b000000|  0%| F|  |TAMS 0x000000008af00000| PB 0x000000008af00000| Untracked 
|  98|0x000000008b000000, 0x000000008b000000, 0x000000008b100000|  0%| F|  |TAMS 0x000000008b000000| PB 0x000000008b000000| Untracked 
|  99|0x000000008b100000, 0x000000008b100000, 0x000000008b200000|  0%| F|  |TAMS 0x000000008b100000| PB 0x000000008b100000| Untracked 
| 100|0x000000008b200000, 0x000000008b200000, 0x000000008b300000|  0%| F|  |TAMS 0x000000008b200000| PB 0x000000008b200000| Untracked 
| 101|0x000000008b300000, 0x000000008b300000, 0x000000008b400000|  0%| F|  |TAMS 0x000000008b300000| PB 0x000000008b300000| Untracked 
| 102|0x000000008b400000, 0x000000008b400000, 0x000000008b500000|  0%| F|  |TAMS 0x000000008b400000| PB 0x000000008b400000| Untracked 
| 103|0x000000008b500000, 0x000000008b500000, 0x000000008b600000|  0%| F|  |TAMS 0x000000008b500000| PB 0x000000008b500000| Untracked 
| 104|0x000000008b600000, 0x000000008b600000, 0x000000008b700000|  0%| F|  |TAMS 0x000000008b600000| PB 0x000000008b600000| Untracked 
| 105|0x000000008b700000, 0x000000008b700000, 0x000000008b800000|  0%| F|  |TAMS 0x000000008b700000| PB 0x000000008b700000| Untracked 
| 106|0x000000008b800000, 0x000000008b800000, 0x000000008b900000|  0%| F|  |TAMS 0x000000008b800000| PB 0x000000008b800000| Untracked 
| 107|0x000000008b900000, 0x000000008b900000, 0x000000008ba00000|  0%| F|  |TAMS 0x000000008b900000| PB 0x000000008b900000| Untracked 
| 108|0x000000008ba00000, 0x000000008ba00000, 0x000000008bb00000|  0%| F|  |TAMS 0x000000008ba00000| PB 0x000000008ba00000| Untracked 
| 109|0x000000008bb00000, 0x000000008bb00000, 0x000000008bc00000|  0%| F|  |TAMS 0x000000008bb00000| PB 0x000000008bb00000| Untracked 
| 110|0x000000008bc00000, 0x000000008bc00000, 0x000000008bd00000|  0%| F|  |TAMS 0x000000008bc00000| PB 0x000000008bc00000| Untracked 
| 111|0x000000008bd00000, 0x000000008bd00000, 0x000000008be00000|  0%| F|  |TAMS 0x000000008bd00000| PB 0x000000008bd00000| Untracked 
| 112|0x000000008be00000, 0x000000008be00000, 0x000000008bf00000|  0%| F|  |TAMS 0x000000008be00000| PB 0x000000008be00000| Untracked 
| 113|0x000000008bf00000, 0x000000008bf00000, 0x000000008c000000|  0%| F|  |TAMS 0x000000008bf00000| PB 0x000000008bf00000| Untracked 
| 114|0x000000008c000000, 0x000000008c000000, 0x000000008c100000|  0%| F|  |TAMS 0x000000008c000000| PB 0x000000008c000000| Untracked 
| 115|0x000000008c100000, 0x000000008c100000, 0x000000008c200000|  0%| F|  |TAMS 0x000000008c100000| PB 0x000000008c100000| Untracked 
| 116|0x000000008c200000, 0x000000008c200000, 0x000000008c300000|  0%| F|  |TAMS 0x000000008c200000| PB 0x000000008c200000| Untracked 
| 117|0x000000008c300000, 0x000000008c300000, 0x000000008c400000|  0%| F|  |TAMS 0x000000008c300000| PB 0x000000008c300000| Untracked 
| 118|0x000000008c400000, 0x000000008c400000, 0x000000008c500000|  0%| F|  |TAMS 0x000000008c400000| PB 0x000000008c400000| Untracked 
| 119|0x000000008c500000, 0x000000008c500000, 0x000000008c600000|  0%| F|  |TAMS 0x000000008c500000| PB 0x000000008c500000| Untracked 
| 120|0x000000008c600000, 0x000000008c600000, 0x000000008c700000|  0%| F|  |TAMS 0x000000008c600000| PB 0x000000008c600000| Untracked 
| 121|0x000000008c700000, 0x000000008c700000, 0x000000008c800000|  0%| F|  |TAMS 0x000000008c700000| PB 0x000000008c700000| Untracked 
| 122|0x000000008c800000, 0x000000008c880800, 0x000000008c900000| 50%| E|  |TAMS 0x000000008c800000| PB 0x000000008c800000| Complete 
| 123|0x000000008c900000, 0x000000008ca00000, 0x000000008ca00000|100%| E|CS|TAMS 0x000000008c900000| PB 0x000000008c900000| Complete 

Card table byte_map: [0x0000018159a50000,0x0000018159e30000] _byte_map_base: 0x0000018159629000

Marking Bits: (CMBitMap*) 0x0000018141cddb50
 Bits: [0x0000018159e30000, 0x000001815bcf8000)

Polling page: 0x000001813fb70000

Metaspace:

Usage:
  Non-class:      8.53 MB used.
      Class:      1.14 MB used.
       Both:      9.67 MB used.

Virtual space:
  Non-class space:       64.00 MB reserved,       8.56 MB ( 13%) committed,  1 nodes.
      Class space:        1.00 GB reserved,       1.25 MB ( <1%) committed,  1 nodes.
             Both:        1.06 GB reserved,       9.81 MB ( <1%) committed. 

Chunk freelists:
   Non-Class:  5.86 MB
       Class:  14.80 MB
        Both:  20.66 MB

MaxMetaspaceSize: unlimited
CompressedClassSpaceSize: 1.00 GB
Initial GC threshold: 21.00 MB
Current GC threshold: 21.00 MB
CDS: on
 - commit_granule_bytes: 65536.
 - commit_granule_words: 8192.
 - virtual_space_node_default_size: 8388608.
 - enlarge_chunks_in_place: 1.
 - use_allocation_guard: 0.


Internal statistics:

num_allocs_failed_limit: 0.
num_arena_births: 70.
num_arena_deaths: 0.
num_vsnodes_births: 2.
num_vsnodes_deaths: 0.
num_space_committed: 157.
num_space_uncommitted: 0.
num_chunks_returned_to_freelist: 0.
num_chunks_taken_from_freelist: 377.
num_chunk_merges: 0.
num_chunk_splits: 272.
num_chunks_enlarged: 232.
num_inconsistent_stats: 0.

CodeHeap 'non-profiled nmethods': size=120000Kb used=802Kb max_used=802Kb free=119198Kb
 bounds [0x0000018151be0000, 0x0000018151e50000, 0x0000018159110000]
CodeHeap 'profiled nmethods': size=120000Kb used=3574Kb max_used=3574Kb free=116425Kb
 bounds [0x000001814a110000, 0x000001814a490000, 0x0000018151640000]
CodeHeap 'non-nmethods': size=5760Kb used=1365Kb max_used=1391Kb free=4395Kb
 bounds [0x0000018151640000, 0x00000181518b0000, 0x0000018151be0000]
 total_blobs=2348 nmethods=1880 adapters=373
 compilation: enabled
              stopped_count=0, restarted_count=0
 full_count=0

Compilation events (20 events):
Event: 2.559 Thread 0x000001815e65db10 nmethod 1871 0x000001814a486f90 code [0x000001814a487140, 0x000001814a487368]
Event: 2.559 Thread 0x000001815e65db10 1872       1       com.google.inject.Key$NullAnnotationStrategy::getAnnotationType (2 bytes)
Event: 2.559 Thread 0x000001815e65db10 nmethod 1872 0x0000018151ca7e10 code [0x0000018151ca7fa0, 0x0000018151ca8070]
Event: 2.560 Thread 0x000001815e65db10 1873       3       com.google.common.collect.ImmutableList::of (9 bytes)
Event: 2.560 Thread 0x000001815e65db10 nmethod 1873 0x000001814a487490 code [0x000001814a487680, 0x000001814a487b60]
Event: 2.560 Thread 0x000001815e65db10 1874       3       com.google.common.collect.SingletonImmutableList::<init> (13 bytes)
Event: 2.561 Thread 0x000001815e65db10 nmethod 1874 0x000001814a487d90 code [0x000001814a487f80, 0x000001814a4883b8]
Event: 2.561 Thread 0x000001815e65db10 1875       3       com.google.inject.spi.InjectionPoint::hierarchyFor (44 bytes)
Event: 2.561 Thread 0x000001815e65db10 nmethod 1875 0x000001814a488590 code [0x000001814a488820, 0x000001814a489328]
Event: 2.562 Thread 0x000001815e65aa00 nmethod 1870 0x0000018151ca8110 code [0x0000018151ca82c0, 0x0000018151ca8598]
Event: 2.566 Thread 0x000001815e65db10 1876       3       com.google.inject.internal.Annotations::getKey (39 bytes)
Event: 2.567 Thread 0x000001815e65db10 nmethod 1876 0x000001814a489810 code [0x000001814a489b00, 0x000001814a48aa10]
Event: 2.567 Thread 0x000001815e65db10 1877       3       com.google.inject.internal.Errors::throwIfNewErrors (14 bytes)
Event: 2.567 Thread 0x000001815e65db10 nmethod 1877 0x000001814a48af90 code [0x000001814a48b180, 0x000001814a48b5a0]
Event: 2.572 Thread 0x000001815e65db10 1878       3       sun.reflect.annotation.TypeAnnotationParser::buildAnnotatedType (113 bytes)
Event: 2.573 Thread 0x000001815e65db10 nmethod 1878 0x000001814a48b790 code [0x000001814a48ba00, 0x000001814a48c370]
Event: 2.573 Thread 0x000001815e65db10 1880       3       java.lang.Class::newReflectionData (66 bytes)
Event: 2.574 Thread 0x000001815e65db10 nmethod 1880 0x000001814a48c810 code [0x000001814a48ca40, 0x000001814a48d338]
Event: 2.574 Thread 0x000001815e65db10 1879       3       com.google.common.collect.ImmutableList::of (4 bytes)
Event: 2.574 Thread 0x000001815e65db10 nmethod 1879 0x000001814a48d610 code [0x000001814a48d7a0, 0x000001814a48d898]

GC Heap History (4 events):
Event: 1.237 GC heap before
{Heap before GC invocations=0 (full 0):
 garbage-first heap   total 126976K, used 22528K [0x0000000084e00000, 0x0000000100000000)
  region size 1024K, 23 young (23552K), 0 survivors (0K)
 Metaspace       used 5629K, committed 5824K, reserved 1114112K
  class space    used 652K, committed 768K, reserved 1048576K
}
Event: 1.256 GC heap after
{Heap after GC invocations=1 (full 0):
 garbage-first heap   total 126976K, used 3720K [0x0000000084e00000, 0x0000000100000000)
  region size 1024K, 3 young (3072K), 3 survivors (3072K)
 Metaspace       used 5629K, committed 5824K, reserved 1114112K
  class space    used 652K, committed 768K, reserved 1048576K
}
Event: 2.508 GC heap before
{Heap before GC invocations=1 (full 0):
 garbage-first heap   total 126976K, used 34440K [0x0000000084e00000, 0x0000000100000000)
  region size 1024K, 33 young (33792K), 3 survivors (3072K)
 Metaspace       used 9645K, committed 9792K, reserved 1114112K
  class space    used 1135K, committed 1216K, reserved 1048576K
}
Event: 2.521 GC heap after
{Heap after GC invocations=2 (full 0):
 garbage-first heap   total 126976K, used 5330K [0x0000000084e00000, 0x0000000100000000)
  region size 1024K, 2 young (2048K), 2 survivors (2048K)
 Metaspace       used 9645K, committed 9792K, reserved 1114112K
  class space    used 1135K, committed 1216K, reserved 1048576K
}

Dll operation events (8 events):
Event: 0.015 Loaded shared library C:\Program Files\Java\jdk-21\bin\java.dll
Event: 0.067 Loaded shared library C:\Program Files\Java\jdk-21\bin\jsvml.dll
Event: 0.098 Loaded shared library C:\Program Files\Java\jdk-21\bin\net.dll
Event: 0.101 Loaded shared library C:\Program Files\Java\jdk-21\bin\nio.dll
Event: 0.105 Loaded shared library C:\Program Files\Java\jdk-21\bin\zip.dll
Event: 0.278 Loaded shared library C:\Program Files\Java\jdk-21\bin\jimage.dll
Event: 0.282 Loaded shared library D:\3-1 DEVOPS\Softwares\apache-maven-3.9.11\lib\jansi-native\Windows\x86_64\jansi.dll
Event: 0.306 Loaded shared library C:\Program Files\Java\jdk-21\bin\verify.dll

Deoptimization events (20 events):
Event: 2.489 Thread 0x000001813f9f2930 Uncommon trap: trap_request=0xffffffd6 fr.pc=0x0000018151ca468c relative=0x000000000000016c
Event: 2.489 Thread 0x000001813f9f2930 Uncommon trap: reason=array_check action=maybe_recompile pc=0x0000018151ca468c method=java.util.stream.Nodes$FixedNodeBuilder.accept(Ljava/lang/Object;)V @ 28 c2
Event: 2.489 Thread 0x000001813f9f2930 DEOPT PACKING pc=0x0000018151ca468c sp=0x00000006162fdec0
Event: 2.489 Thread 0x000001813f9f2930 DEOPT UNPACKING pc=0x00000181516946a2 sp=0x00000006162fde60 mode 2
Event: 2.489 Thread 0x000001813f9f2930 Uncommon trap: trap_request=0xffffffd6 fr.pc=0x0000018151ca468c relative=0x000000000000016c
Event: 2.489 Thread 0x000001813f9f2930 Uncommon trap: reason=array_check action=maybe_recompile pc=0x0000018151ca468c method=java.util.stream.Nodes$FixedNodeBuilder.accept(Ljava/lang/Object;)V @ 28 c2
Event: 2.489 Thread 0x000001813f9f2930 DEOPT PACKING pc=0x0000018151ca468c sp=0x00000006162fdec0
Event: 2.489 Thread 0x000001813f9f2930 DEOPT UNPACKING pc=0x00000181516946a2 sp=0x00000006162fde60 mode 2
Event: 2.525 Thread 0x000001813f9f2930 Uncommon trap: trap_request=0xffffffc6 fr.pc=0x0000018151c76d08 relative=0x0000000000000308
Event: 2.525 Thread 0x000001813f9f2930 Uncommon trap: reason=bimorphic_or_optimized_type_check action=maybe_recompile pc=0x0000018151c76d08 method=java.util.HashMap.getNode(Ljava/lang/Object;)Ljava/util/HashMap$Node; @ 63 c2
Event: 2.525 Thread 0x000001813f9f2930 DEOPT PACKING pc=0x0000018151c76d08 sp=0x00000006162fe4c0
Event: 2.525 Thread 0x000001813f9f2930 DEOPT UNPACKING pc=0x00000181516946a2 sp=0x00000006162fe428 mode 2
Event: 2.527 Thread 0x000001813f9f2930 Uncommon trap: trap_request=0xffffffc6 fr.pc=0x0000018151c76d08 relative=0x0000000000000308
Event: 2.527 Thread 0x000001813f9f2930 Uncommon trap: reason=bimorphic_or_optimized_type_check action=maybe_recompile pc=0x0000018151c76d08 method=java.util.HashMap.getNode(Ljava/lang/Object;)Ljava/util/HashMap$Node; @ 63 c2
Event: 2.527 Thread 0x000001813f9f2930 DEOPT PACKING pc=0x0000018151c76d08 sp=0x00000006162fe360
Event: 2.527 Thread 0x000001813f9f2930 DEOPT UNPACKING pc=0x00000181516946a2 sp=0x00000006162fe2c8 mode 2
Event: 2.529 Thread 0x000001813f9f2930 Uncommon trap: trap_request=0xffffffc6 fr.pc=0x0000018151c76d08 relative=0x0000000000000308
Event: 2.529 Thread 0x000001813f9f2930 Uncommon trap: reason=bimorphic_or_optimized_type_check action=maybe_recompile pc=0x0000018151c76d08 method=java.util.HashMap.getNode(Ljava/lang/Object;)Ljava/util/HashMap$Node; @ 63 c2
Event: 2.529 Thread 0x000001813f9f2930 DEOPT PACKING pc=0x0000018151c76d08 sp=0x00000006162fe360
Event: 2.529 Thread 0x000001813f9f2930 DEOPT UNPACKING pc=0x00000181516946a2 sp=0x00000006162fe2c8 mode 2

Classes loaded (20 events):
Event: 2.041 Loading class java/lang/reflect/AnnotatedParameterizedType done
Event: 2.041 Loading class sun/reflect/annotation/AnnotatedTypeFactory$AnnotatedParameterizedTypeImpl done
Event: 2.192 Loading class java/util/EventObject
Event: 2.193 Loading class java/util/EventObject done
Event: 2.233 Loading class java/lang/reflect/Executable$ParameterData
Event: 2.234 Loading class java/lang/reflect/Executable$ParameterData done
Event: 2.234 Loading class sun/reflect/generics/scope/ConstructorScope
Event: 2.234 Loading class sun/reflect/generics/scope/ConstructorScope done
Event: 2.234 Loading class sun/reflect/generics/repository/ConstructorRepository
Event: 2.234 Loading class sun/reflect/generics/repository/ConstructorRepository done
Event: 2.234 Loading class sun/reflect/generics/tree/VoidDescriptor
Event: 2.234 Loading class sun/reflect/generics/tree/VoidDescriptor done
Event: 2.234 Loading class sun/reflect/generics/tree/MethodTypeSignature
Event: 2.235 Loading class sun/reflect/generics/tree/MethodTypeSignature done
Event: 2.240 Loading class java/util/concurrent/CompletionService
Event: 2.240 Loading class java/util/concurrent/CompletionService done
Event: 2.454 Loading class java/security/NoSuchAlgorithmException
Event: 2.455 Loading class java/security/GeneralSecurityException
Event: 2.456 Loading class java/security/GeneralSecurityException done
Event: 2.456 Loading class java/security/NoSuchAlgorithmException done

Classes unloaded (0 events):
No events

Classes redefined (0 events):
No events

Internal exceptions (20 events):
Event: 0.291 Thread 0x000001813f9f2930 Exception <a 'java/lang/NullPointerException'{0x000000008c4ffa00}> (0x000000008c4ffa00) 
thrown [s\open\src\hotspot\share\interpreter\linkResolver.cpp, line 1372]
Event: 0.291 Thread 0x000001813f9f2930 Exception <a 'java/lang/NullPointerException'{0x000000008c4ffce0}> (0x000000008c4ffce0) 
thrown [s\open\src\hotspot\share\interpreter\linkResolver.cpp, line 1372]
Event: 0.291 Thread 0x000001813f9f2930 Exception <a 'java/lang/NullPointerException'{0x000000008c300230}> (0x000000008c300230) 
thrown [s\open\src\hotspot\share\interpreter\linkResolver.cpp, line 1372]
Event: 0.294 Thread 0x000001813f9f2930 Exception <a 'java/lang/NullPointerException'{0x000000008c306a78}> (0x000000008c306a78) 
thrown [s\open\src\hotspot\share\interpreter\linkResolver.cpp, line 1372]
Event: 0.297 Thread 0x000001813f9f2930 Exception <a 'java/lang/NullPointerException'{0x000000008c31a718}> (0x000000008c31a718) 
thrown [s\open\src\hotspot\share\interpreter\linkResolver.cpp, line 1372]
Event: 0.297 Thread 0x000001813f9f2930 Exception <a 'java/lang/NullPointerException'{0x000000008c31a9f8}> (0x000000008c31a9f8) 
thrown [s\open\src\hotspot\share\interpreter\linkResolver.cpp, line 1372]
Event: 0.297 Thread 0x000001813f9f2930 Exception <a 'java/lang/NullPointerException'{0x000000008c31acd8}> (0x000000008c31acd8) 
thrown [s\open\src\hotspot\share\interpreter\linkResolver.cpp, line 1372]
Event: 0.297 Thread 0x000001813f9f2930 Exception <a 'java/lang/NullPointerException'{0x000000008c31afb8}> (0x000000008c31afb8) 
thrown [s\open\src\hotspot\share\interpreter\linkResolver.cpp, line 1372]
Event: 0.320 Thread 0x000001813f9f2930 Exception <a 'java/lang/NoSuchMethodError'{0x000000008c396740}: 'void java.lang.invoke.DirectMethodHandle$Holder.invokeStatic(java.lang.Object, java.lang.Object)'> (0x000000008c396740) 
thrown [s\open\src\hotspot\share\interpreter\linkResolver.cpp, line 773]
Event: 0.321 Thread 0x000001813f9f2930 Exception <a 'java/lang/NoSuchMethodError'{0x000000008c399b20}: 'void java.lang.invoke.DirectMethodHandle$Holder.invokeStaticInit(java.lang.Object, java.lang.Object)'> (0x000000008c399b20) 
thrown [s\open\src\hotspot\share\interpreter\linkResolver.cpp, line 773]
Event: 0.341 Thread 0x000001813f9f2930 Exception <a 'java/lang/NoSuchMethodError'{0x000000008c3e3ff0}: 'void java.lang.invoke.DirectMethodHandle$Holder.invokeStatic(java.lang.Object, java.lang.Object, java.lang.Object)'> (0x000000008c3e3ff0) 
thrown [s\open\src\hotspot\share\interpreter\linkResolver.cpp, line 773]
Event: 0.455 Thread 0x000001813f9f2930 Exception <a 'java/lang/NoSuchMethodError'{0x000000008c166f40}: 'java.lang.Object java.lang.invoke.DirectMethodHandle$Holder.invokeSpecialIFC(java.lang.Object, java.lang.Object, java.lang.Object, java.lang.Object)'> (0x000000008c166f40) 
thrown [s\open\src\hotspot\share\interpreter\linkResolver.cpp, line 773]
Event: 0.824 Thread 0x000001813f9f2930 Exception <a 'java/lang/NoSuchMethodError'{0x000000008bb475a0}: 'void java.lang.invoke.DirectMethodHandle$Holder.invokeSpecial(java.lang.Object, java.lang.Object, java.lang.Object)'> (0x000000008bb475a0) 
thrown [s\open\src\hotspot\share\interpreter\linkResolver.cpp, line 773]
Event: 0.904 Thread 0x000001813f9f2930 Exception <a 'java/lang/NoSuchMethodError'{0x000000008baa3210}: 'java.lang.Object java.lang.invoke.DirectMethodHandle$Holder.invokeInterface(java.lang.Object, java.lang.Object)'> (0x000000008baa3210) 
thrown [s\open\src\hotspot\share\interpreter\linkResolver.cpp, line 773]
Event: 0.942 Thread 0x000001813f9f2930 Exception <a 'java/lang/NoSuchMethodError'{0x000000008b945180}: 'int java.lang.invoke.DirectMethodHandle$Holder.invokeStatic(java.lang.Object, java.lang.Object, java.lang.Object, java.lang.Object)'> (0x000000008b945180) 
thrown [s\open\src\hotspot\share\interpreter\linkResolver.cpp, line 773]
Event: 0.944 Thread 0x000001813f9f2930 Exception <a 'java/lang/NoSuchMethodError'{0x000000008b948848}: 'java.lang.Object java.lang.invoke.Invokers$Holder.invokeExact_MT(java.lang.Object, java.lang.Object, java.lang.Object, java.lang.Object, java.lang.Object, java.lang.Object)'> (0x000000008b948848) 
thrown [s\open\src\hotspot\share\interpreter\linkResolver.cpp, line 773]
Event: 0.951 Thread 0x000001813f9f2930 Exception <a 'java/lang/NoSuchMethodError'{0x000000008b956ef8}: 'int java.lang.invoke.DirectMethodHandle$Holder.invokeSpecialIFC(java.lang.Object, java.lang.Object, java.lang.Object, java.lang.Object, java.lang.Object)'> (0x000000008b956ef8) 
thrown [s\open\src\hotspot\share\interpreter\linkResolver.cpp, line 773]
Event: 1.055 Thread 0x000001813f9f2930 Exception <a 'java/lang/NoSuchMethodError'{0x000000008b8f7658}: 'java.lang.Object java.lang.invoke.DirectMethodHandle$Holder.newInvokeSpecial(java.lang.Object, java.lang.Object, java.lang.Object, java.lang.Object, java.lang.Object)'> (0x000000008b8f7658) 
thrown [s\open\src\hotspot\share\interpreter\linkResolver.cpp, line 773]
Event: 1.108 Thread 0x000001813f9f2930 Exception <a 'java/lang/NoSuchMethodError'{0x000000008b6170f0}: 'int java.lang.invoke.DirectMethodHandle$Holder.invokeStaticInit(java.lang.Object, java.lang.Object)'> (0x000000008b6170f0) 
thrown [s\open\src\hotspot\share\interpreter\linkResolver.cpp, line 773]
Event: 1.122 Thread 0x000001813f9f2930 Exception <a 'java/lang/NoClassDefFoundError'{0x000000008b64ea58}: javax/enterprise/inject/Typed> (0x000000008b64ea58) 
thrown [s\open\src\hotspot\share\classfile\systemDictionary.cpp, line 301]

ZGC Phase Switch (0 events):
No events

VM Operations (16 events):
Event: 0.106 Executing VM operation: HandshakeAllThreads (Deoptimize)
Event: 0.106 Executing VM operation: HandshakeAllThreads (Deoptimize) done
Event: 0.271 Executing VM operation: HandshakeAllThreads (Deoptimize)
Event: 0.271 Executing VM operation: HandshakeAllThreads (Deoptimize) done
Event: 0.284 Executing VM operation: HandshakeAllThreads (Deoptimize)
Event: 0.284 Executing VM operation: HandshakeAllThreads (Deoptimize) done
Event: 1.236 Executing VM operation: G1CollectForAllocation (G1 Evacuation Pause)
Event: 1.257 Executing VM operation: G1CollectForAllocation (G1 Evacuation Pause) done
Event: 2.105 Executing VM operation: HandshakeAllThreads (Deoptimize)
Event: 2.105 Executing VM operation: HandshakeAllThreads (Deoptimize) done
Event: 2.226 Executing VM operation: HandshakeAllThreads (Deoptimize)
Event: 2.226 Executing VM operation: HandshakeAllThreads (Deoptimize) done
Event: 2.365 Executing VM operation: ICBufferFull
Event: 2.365 Executing VM operation: ICBufferFull done
Event: 2.508 Executing VM operation: G1CollectForAllocation (G1 Evacuation Pause)
Event: 2.521 Executing VM operation: G1CollectForAllocation (G1 Evacuation Pause) done

Events (19 events):
Event: 0.043 Thread 0x000001813f9f2930 Thread added: 0x000001813f9f2930
Event: 0.063 Thread 0x000001815e64d040 Thread added: 0x000001815e64d040
Event: 0.063 Thread 0x000001815e64faa0 Thread added: 0x000001815e64faa0
Event: 0.063 Thread 0x000001815e655510 Thread added: 0x000001815e655510
Event: 0.063 Thread 0x000001815e657f70 Thread added: 0x000001815e657f70
Event: 0.064 Thread 0x000001815e6589c0 Thread added: 0x000001815e6589c0
Event: 0.064 Thread 0x000001815e659410 Thread added: 0x000001815e659410
Event: 0.064 Thread 0x000001815e65aa00 Thread added: 0x000001815e65aa00
Event: 0.064 Thread 0x000001815e65db10 Thread added: 0x000001815e65db10
Event: 0.087 Thread 0x000001815ec23fd0 Thread added: 0x000001815ec23fd0
Event: 0.093 Thread 0x000001815ec28d20 Thread added: 0x000001815ec28d20
Event: 0.275 Thread 0x00000181a4132f20 Thread added: 0x00000181a4132f20
Event: 0.298 Thread 0x00000181a4132f20 Thread exited: 0x00000181a4132f20
Event: 0.537 Thread 0x00000181a41ea640 Thread added: 0x00000181a41ea640
Event: 0.920 Thread 0x00000181a41ea640 Thread exited: 0x00000181a41ea640
Event: 1.141 Thread 0x00000181a4882580 Thread added: 0x00000181a4882580
Event: 1.177 Thread 0x00000181a4881110 Thread added: 0x00000181a4881110
Event: 2.260 Thread 0x00000181a4881110 Thread exited: 0x00000181a4881110
Event: 2.271 Thread 0x00000181a4882580 Thread exited: 0x00000181a4882580


Dynamic libraries:
0x00007ff6950c0000 - 0x00007ff6950d0000 	C:\Program Files\Java\jdk-21\bin\java.exe
0x00007fffbb960000 - 0x00007fffbbbc9000 	C:\WINDOWS\SYSTEM32\ntdll.dll
0x00007fffba400000 - 0x00007fffba4c9000 	C:\WINDOWS\System32\KERNEL32.DLL
0x00007fffb8c20000 - 0x00007fffb9013000 	C:\WINDOWS\System32\KERNELBASE.dll
0x00007fffb9180000 - 0x00007fffb92cb000 	C:\WINDOWS\System32\ucrtbase.dll
0x00007fff813c0000 - 0x00007fff813db000 	C:\Program Files\Java\jdk-21\bin\VCRUNTIME140.dll
0x00007fff881d0000 - 0x00007fff881e9000 	C:\Program Files\Java\jdk-21\bin\jli.dll
0x00007fffba240000 - 0x00007fffba2f4000 	C:\WINDOWS\System32\ADVAPI32.dll
0x00007fffbb710000 - 0x00007fffbb7b9000 	C:\WINDOWS\System32\msvcrt.dll
0x00007fffb9f50000 - 0x00007fffb9ff6000 	C:\WINDOWS\System32\sechost.dll
0x00007fffba110000 - 0x00007fffba228000 	C:\WINDOWS\System32\RPCRT4.dll
0x00007fffb9cc0000 - 0x00007fffb9e84000 	C:\WINDOWS\System32\USER32.dll
0x00007fffb92d0000 - 0x00007fffb92f7000 	C:\WINDOWS\System32\win32u.dll
0x00007fff9b870000 - 0x00007fff9bb03000 	C:\WINDOWS\WinSxS\amd64_microsoft.windows.common-controls_6595b64144ccf1df_6.0.26100.5074_none_3e0d6f78e32fd63f\COMCTL32.dll
0x00007fffbb7c0000 - 0x00007fffbb7eb000 	C:\WINDOWS\System32\GDI32.dll
0x00007fffb8af0000 - 0x00007fffb8c1d000 	C:\WINDOWS\System32\gdi32full.dll
0x00007fffb9500000 - 0x00007fffb95a3000 	C:\WINDOWS\System32\msvcp_win.dll
0x00007fffa5680000 - 0x00007fffa568b000 	C:\WINDOWS\SYSTEM32\VERSION.dll
0x00007fffbb6a0000 - 0x00007fffbb6cf000 	C:\WINDOWS\System32\IMM32.DLL
0x00007fff98c60000 - 0x00007fff98c6c000 	C:\Program Files\Java\jdk-21\bin\vcruntime140_1.dll
0x00007fff7e230000 - 0x00007fff7e2be000 	C:\Program Files\Java\jdk-21\bin\msvcp140.dll
0x00007ffee6180000 - 0x00007ffee6e9a000 	C:\Program Files\Java\jdk-21\bin\server\jvm.dll
0x00007fffbb8a0000 - 0x00007fffbb914000 	C:\WINDOWS\System32\WS2_32.dll
0x00007fffb8970000 - 0x00007fffb89ce000 	C:\WINDOWS\SYSTEM32\POWRPROF.dll
0x00007fffb53b0000 - 0x00007fffb53e5000 	C:\WINDOWS\SYSTEM32\WINMM.dll
0x00007fffb8950000 - 0x00007fffb8964000 	C:\WINDOWS\SYSTEM32\UMPDC.dll
0x00007fffb78d0000 - 0x00007fffb78eb000 	C:\WINDOWS\SYSTEM32\kernel.appcore.dll
0x00007fff98b60000 - 0x00007fff98b6a000 	C:\Program Files\Java\jdk-21\bin\jimage.dll
0x00007fffb62f0000 - 0x00007fffb6532000 	C:\WINDOWS\SYSTEM32\DBGHELP.DLL
0x00007fffbb180000 - 0x00007fffbb4fb000 	C:\WINDOWS\System32\combase.dll
0x00007fffbb5c0000 - 0x00007fffbb697000 	C:\WINDOWS\System32\OLEAUT32.dll
0x00007fff95790000 - 0x00007fff957cd000 	C:\WINDOWS\SYSTEM32\dbgcore.DLL
0x00007fffb90e0000 - 0x00007fffb9179000 	C:\WINDOWS\System32\bcryptPrimitives.dll
0x00007fff813a0000 - 0x00007fff813bf000 	C:\Program Files\Java\jdk-21\bin\java.dll
0x00007fffba850000 - 0x00007fffbaf9d000 	C:\WINDOWS\System32\SHELL32.dll
0x00007fffb9300000 - 0x00007fffb946c000 	C:\WINDOWS\System32\wintypes.dll
0x00007fffb6720000 - 0x00007fffb6f79000 	C:\WINDOWS\SYSTEM32\windows.storage.dll
0x00007fffba300000 - 0x00007fffba3f0000 	C:\WINDOWS\System32\SHCORE.dll
0x00007fffbb100000 - 0x00007fffbb162000 	C:\WINDOWS\System32\shlwapi.dll
0x00007fffb8a10000 - 0x00007fffb8a39000 	C:\WINDOWS\SYSTEM32\profapi.dll
0x00007fff57d50000 - 0x00007fff57e27000 	C:\Program Files\Java\jdk-21\bin\jsvml.dll
0x00007fff8d570000 - 0x00007fff8d580000 	C:\Program Files\Java\jdk-21\bin\net.dll
0x00007fffa7bd0000 - 0x00007fffa7cef000 	C:\WINDOWS\SYSTEM32\WINHTTP.dll
0x00007fffb7e50000 - 0x00007fffb7ebb000 	C:\WINDOWS\system32\mswsock.dll
0x00007fff7e460000 - 0x00007fff7e476000 	C:\Program Files\Java\jdk-21\bin\nio.dll
0x00007fff7e440000 - 0x00007fff7e458000 	C:\Program Files\Java\jdk-21\bin\zip.dll
0x00007fff82400000 - 0x00007fff82424000 	D:\3-1 DEVOPS\Softwares\apache-maven-3.9.11\lib\jansi-native\Windows\x86_64\jansi.dll
0x00007fff8b860000 - 0x00007fff8b870000 	C:\Program Files\Java\jdk-21\bin\verify.dll

dbghelp: loaded successfully - version: 4.0.5 - missing functions: none
symbol engine: initialized successfully - sym options: 0x614 - pdb path: .;C:\Program Files\Java\jdk-21\bin;C:\WINDOWS\SYSTEM32;C:\WINDOWS\WinSxS\amd64_microsoft.windows.common-controls_6595b64144ccf1df_6.0.26100.5074_none_3e0d6f78e32fd63f;C:\Program Files\Java\jdk-21\bin\server;D:\3-1 DEVOPS\Softwares\apache-maven-3.9.11\lib\jansi-native\Windows\x86_64

VM Arguments:
jvm_args: --enable-native-access=ALL-UNNAMED -Dclassworlds.conf=D:\3-1 DEVOPS\Softwares\apache-maven-3.9.11\bin\m2.conf -Dmaven.home=D:\3-1 DEVOPS\Softwares\apache-maven-3.9.11 -Dlibrary.jansi.path=D:\3-1 DEVOPS\Softwares\apache-maven-3.9.11\lib\jansi-native -Dmaven.multiModuleProjectDirectory=D:\DELL\Documents\JENKINS\JENKINS-LIBRARY\LIBRARY-BACKEND 
java_command: org.codehaus.plexus.classworlds.launcher.Launcher clean package -DskipTests
java_class_path (initial): D:\3-1 DEVOPS\Softwares\apache-maven-3.9.11\boot\plexus-classworlds-2.9.0.jar
Launcher Type: SUN_STANDARD

[Global flags]
     intx CICompilerCount                          = 4                                         {product} {ergonomic}
     uint ConcGCThreads                            = 3                                         {product} {ergonomic}
     uint G1ConcRefinementThreads                  = 10                                        {product} {ergonomic}
   size_t G1HeapRegionSize                         = 1048576                                   {product} {ergonomic}
    uintx GCDrainStackTargetSize                   = 64                                        {product} {ergonomic}
   size_t InitialHeapSize                          = 130023424                                 {product} {ergonomic}
   size_t MarkStackSize                            = 4194304                                   {product} {ergonomic}
   size_t MaxHeapSize                              = 2065694720                                {product} {ergonomic}
   size_t MaxNewSize                               = 1239416832                                {product} {ergonomic}
   size_t MinHeapDeltaBytes                        = 1048576                                   {product} {ergonomic}
   size_t MinHeapSize                              = 8388608                                   {product} {ergonomic}
    uintx NonNMethodCodeHeapSize                   = 5839372                                {pd product} {ergonomic}
    uintx NonProfiledCodeHeapSize                  = 122909434                              {pd product} {ergonomic}
     bool PerfDisableSharedMem                     = true                                      {product} {ergonomic}
    uintx ProfiledCodeHeapSize                     = 122909434                              {pd product} {ergonomic}
    uintx ReservedCodeCacheSize                    = 251658240                              {pd product} {ergonomic}
     bool SegmentedCodeCache                       = true                                      {product} {ergonomic}
   size_t SoftMaxHeapSize                          = 2065694720                             {manageable} {ergonomic}
     bool UseCompressedOops                        = true                           {product lp64_product} {ergonomic}
     bool UseG1GC                                  = true                                      {product} {ergonomic}
     bool UseLargePagesIndividualAllocation        = false                                  {pd product} {ergonomic}

Logging:
Log output configuration:
 #0: stdout all=warning uptime,level,tags foldmultilines=false
 #1: stderr all=off uptime,level,tags foldmultilines=false

Environment Variables:
JAVA_HOME=C:\Program Files\Java\jdk-21
PATH=C:/Users/DELL/OneDrive/Desktop/FSD_SEC2/sts-4.27.0.RELEASE//plugins/org.eclipse.justj.openjdk.hotspot.jre.full.win32.x86_64_21.0.5.v20241023-1957/jre/bin/server;C:/Users/DELL/OneDrive/Desktop/FSD_SEC2/sts-4.27.0.RELEASE//plugins/org.eclipse.justj.openjdk.hotspot.jre.full.win32.x86_64_21.0.5.v20241023-1957/jre/bin;D:\3-1 DEVOPS\Softwares\apache-maven-3.9.11\bin;C:\Program Files\Java\jdk-21\bin;C:\Program Files\Common Files\Oracle\Java\javapath;C:\WINDOWS\system32;C:\WINDOWS;C:\WINDOWS\System32\Wbem;C:\WINDOWS\System32\WindowsPowerShell\v1.0\;C:\WINDOWS\System32\OpenSSH\;C:\Program Files\dotnet\;C:\Program Files\MySQL\MySQL Server 8.0\bin;C:\Users\YourUsername\AppData\Local\Programs\Python\Python310\Scripts;C:\Users\DELL\AppData\Local\Packages\PythonSoftwareFoundation.Python.3.13_qbz5n2kfra8p0\LocalCache\local-packages\Python313\site-packages;C:\Users\DELL\maven\apache-maven-3.9.9-bin\apache-maven-3.9.9\bin;D:\DELL\Downloads\Git\cmd;;C:\Program Files\Docker\Docker\resources\bin;D:\DELL\Downloads\;C:\ProgramData\chocolatey\bin;C:\Program Files\MySQL\MySQL Shell 8.0\bin\;C:\Users\DELL\AppData\Local\Microsoft\WindowsApps;C:\Users\DELL\AppData\Local\Programs\Microsoft VS Code\bin;C:\Users\DELL\AppData\Roaming\npm;D:\k8s;C:\WINDOWS\system32;
USERNAME=DELL
TERM=xterm
OS=Windows_NT
PROCESSOR_IDENTIFIER=Intel64 Family 6 Model 154 Stepping 4, GenuineIntel
TMP=C:\Users\DELL\AppData\Local\Temp
TEMP=C:\Users\DELL\AppData\Local\Temp




Periodic native trim disabled

---------------  S Y S T E M  ---------------

OS:
 Windows 11 , 64 bit Build 26100 (10.0.26100.5074)
OS uptime: 0 days 19:34 hours
Hyper-V role detected

CPU: total 12 (initial active 12) (6 cores per cpu, 2 threads per core) family 6 model 154 stepping 4 microcode 0x437, cx8, cmov, fxsr, ht, mmx, 3dnowpref, sse, sse2, sse3, ssse3, sse4.1, sse4.2, popcnt, lzcnt, tsc, tscinvbit, avx, avx2, aes, erms, clmul, bmi1, bmi2, adx, sha, fma, vzeroupper, clflush, clflushopt, clwb, hv, serialize, rdtscp, rdpid, fsrm, f16c, cet_ibt, cet_ss
Processor Information for all 12 processors :
  Max Mhz: 1300, Current Mhz: 1300, Mhz Limit: 1300

Memory: 4k page, system-wide physical 7876M (915M free)
TotalPageFile size 19042M (AvailPageFile size 0M)
current process WorkingSet (physical memory assigned to process): 111M, peak: 111M
current process commit charge ("private bytes"): 242M, peak: 242M

vm_info: Java HotSpot(TM) 64-Bit Server VM (21.0.6+8-LTS-188) for windows-amd64 JRE (21.0.6+8-LTS-188), built on 2024-12-03T10:50:54Z by "mach5one" with MS VC++ 17.6 (VS2022)

END.
